ARM GAS  C:\Users\andywei\AppData\Local\Temp\ccP56ncB.s 			page 1


   1              		.cpu cortex-m4
   2              		.eabi_attribute 27, 1
   3              		.eabi_attribute 28, 1
   4              		.eabi_attribute 20, 1
   5              		.eabi_attribute 21, 1
   6              		.eabi_attribute 23, 3
   7              		.eabi_attribute 24, 1
   8              		.eabi_attribute 25, 1
   9              		.eabi_attribute 26, 1
  10              		.eabi_attribute 30, 1
  11              		.eabi_attribute 34, 1
  12              		.eabi_attribute 18, 4
  13              		.file	"si446x_nirq.c"
  14              		.text
  15              	.Ltext0:
  16              		.cfi_sections	.debug_frame
  17              		.section	.text.si446x_nirq_process,"ax",%progbits
  18              		.align	1
  19              		.global	si446x_nirq_process
  20              		.arch armv7e-m
  21              		.syntax unified
  22              		.thumb
  23              		.thumb_func
  24              		.fpu fpv4-sp-d16
  26              	si446x_nirq_process:
  27              	.LFB135:
  28              		.file 1 "Drivers/radio/Si446x/si446x_nirq.c"
   1:Drivers/radio/Si446x/si446x_nirq.c **** /*
   2:Drivers/radio/Si446x/si446x_nirq.c ****  * Silicon Laboratories Confidential
   3:Drivers/radio/Si446x/si446x_nirq.c ****  * Copyright 2011 Silicon Laboratories, Inc.
   4:Drivers/radio/Si446x/si446x_nirq.c ****  *
   5:Drivers/radio/Si446x/si446x_nirq.c ****  * THIS FILE IS AUTOMATICALLY GENERATED. DO NOT EDIT!
   6:Drivers/radio/Si446x/si446x_nirq.c ****  */
   7:Drivers/radio/Si446x/si446x_nirq.c **** 
   8:Drivers/radio/Si446x/si446x_nirq.c **** #include "bsp.h"
   9:Drivers/radio/Si446x/si446x_nirq.c **** 
  10:Drivers/radio/Si446x/si446x_nirq.c **** 
  11:Drivers/radio/Si446x/si446x_nirq.c **** //SEGMENT_VARIABLE( Si446xChipPend, U8, SEG_BDATA );
  12:Drivers/radio/Si446x/si446x_nirq.c **** //SBIT(Si446xWUTPend,Si446xChipPend,0);
  13:Drivers/radio/Si446x/si446x_nirq.c **** //SBIT(Si446xLowBattPend,Si446xChipPend,1);
  14:Drivers/radio/Si446x/si446x_nirq.c **** //SBIT(Si446xChipReadyPend,Si446xChipPend,2);
  15:Drivers/radio/Si446x/si446x_nirq.c **** //SBIT(Si446xCmdErrPend,Si446xChipPend,2);
  16:Drivers/radio/Si446x/si446x_nirq.c **** //SBIT(Si446xStateChangePend,Si446xChipPend,2);
  17:Drivers/radio/Si446x/si446x_nirq.c **** //SBIT(Si446xFifoUnderflowOverflowErrorPend,Si446xChipPend,2);
  18:Drivers/radio/Si446x/si446x_nirq.c **** //SEGMENT_VARIABLE( Si446xPhPend, U8, SEG_BDATA );
  19:Drivers/radio/Si446x/si446x_nirq.c **** //SEGMENT_VARIABLE( Si446xModemPend, U8, SEG_BDATA );
  20:Drivers/radio/Si446x/si446x_nirq.c **** 
  21:Drivers/radio/Si446x/si446x_nirq.c **** #define Si446xWUTPend                           Si446xPhPend0
  22:Drivers/radio/Si446x/si446x_nirq.c **** #define Si446xLowBattPend                       Si446xPhPend1
  23:Drivers/radio/Si446x/si446x_nirq.c **** #define Si446xChipReadyPend                     Si446xPhPend2
  24:Drivers/radio/Si446x/si446x_nirq.c **** #define Si446xCmdErrPend                        Si446xPhPend3
  25:Drivers/radio/Si446x/si446x_nirq.c **** #define Si446xStateChangePend                   Si446xPhPend4
  26:Drivers/radio/Si446x/si446x_nirq.c **** #define Si446xFifoUnderflowOverflowErrorPend    Si446xPhPend5
  27:Drivers/radio/Si446x/si446x_nirq.c **** #define Si446xDummyPhPend6                      Si446xPhPend6
  28:Drivers/radio/Si446x/si446x_nirq.c **** #define Si446xDummyPhPend7                      Si446xPhPend7
  29:Drivers/radio/Si446x/si446x_nirq.c **** 
  30:Drivers/radio/Si446x/si446x_nirq.c **** #define Si446xSyncDetectPend                    Si446xModemPend0
ARM GAS  C:\Users\andywei\AppData\Local\Temp\ccP56ncB.s 			page 2


  31:Drivers/radio/Si446x/si446x_nirq.c **** #define Si446xPreambleDetectPend                Si446xModemPend1
  32:Drivers/radio/Si446x/si446x_nirq.c **** #define Si446xInvalidPreamblePend               Si446xModemPend2
  33:Drivers/radio/Si446x/si446x_nirq.c **** #define Si446xRssiPend                          Si446xModemPend3
  34:Drivers/radio/Si446x/si446x_nirq.c **** #define Si446xRssiJumpPend                      Si446xModemPend4
  35:Drivers/radio/Si446x/si446x_nirq.c **** #define Si446xInvalidSyncPend                   Si446xModemPend5
  36:Drivers/radio/Si446x/si446x_nirq.c **** #define Si446xDummyModemPend6                   Si446xModemPend6
  37:Drivers/radio/Si446x/si446x_nirq.c **** #define Si446xDummyModemPend7                   Si446xModemPend7
  38:Drivers/radio/Si446x/si446x_nirq.c **** 
  39:Drivers/radio/Si446x/si446x_nirq.c **** #define Si446xRxFifoAlmostFullPend              Si446xChipPend0
  40:Drivers/radio/Si446x/si446x_nirq.c **** #define Si446xTxFifoAlmostEmptyPend             Si446xChipPend1
  41:Drivers/radio/Si446x/si446x_nirq.c **** #define Si446xCrc16ErrorPend                    Si446xChipPend2
  42:Drivers/radio/Si446x/si446x_nirq.c **** #define Si446xCrc32ErrorPend                    Si446xChipPend3
  43:Drivers/radio/Si446x/si446x_nirq.c **** #define Si446xPacketRxPend                      Si446xChipPend4
  44:Drivers/radio/Si446x/si446x_nirq.c **** #define Si446xPacketSentPend                    Si446xChipPend5
  45:Drivers/radio/Si446x/si446x_nirq.c **** #define Si446xFilterMissPend                    Si446xChipPend6
  46:Drivers/radio/Si446x/si446x_nirq.c **** #define Si446xFilterMatchPend                   Si446xChipPend7
  47:Drivers/radio/Si446x/si446x_nirq.c **** 
  48:Drivers/radio/Si446x/si446x_nirq.c **** /*!
  49:Drivers/radio/Si446x/si446x_nirq.c ****  * Do NOT use SEG_BDATA as that is not understood by SDCC!
  50:Drivers/radio/Si446x/si446x_nirq.c ****  * Use BITS, WRITE_TO_BIT_ARRAY and READ_FROM_BIT_ARRAY instead to allocate and
  51:Drivers/radio/Si446x/si446x_nirq.c ****  * handle bit arrays in a convenient way.
  52:Drivers/radio/Si446x/si446x_nirq.c ****  *
  53:Drivers/radio/Si446x/si446x_nirq.c ****  * Allocate all 8bits if WRITE_TO_BIT_ARRAY and READ_FROM_BIT_ARRAY macros
  54:Drivers/radio/Si446x/si446x_nirq.c ****  * are to be used. Otherwise these macros would read/write bits that are
  55:Drivers/radio/Si446x/si446x_nirq.c ****  * placed within that byte by the linker.
  56:Drivers/radio/Si446x/si446x_nirq.c ****  */
  57:Drivers/radio/Si446x/si446x_nirq.c **** BITS(Si446xPhPend, 0);
  58:Drivers/radio/Si446x/si446x_nirq.c **** BITS(Si446xPhPend, 1);
  59:Drivers/radio/Si446x/si446x_nirq.c **** BITS(Si446xPhPend, 2);
  60:Drivers/radio/Si446x/si446x_nirq.c **** BITS(Si446xPhPend, 3);
  61:Drivers/radio/Si446x/si446x_nirq.c **** BITS(Si446xPhPend, 4);
  62:Drivers/radio/Si446x/si446x_nirq.c **** BITS(Si446xPhPend, 5);
  63:Drivers/radio/Si446x/si446x_nirq.c **** BITS(Si446xPhPend, 6);
  64:Drivers/radio/Si446x/si446x_nirq.c **** BITS(Si446xPhPend, 7);
  65:Drivers/radio/Si446x/si446x_nirq.c **** 
  66:Drivers/radio/Si446x/si446x_nirq.c **** BITS(Si446xModemPend, 0);
  67:Drivers/radio/Si446x/si446x_nirq.c **** BITS(Si446xModemPend, 1);
  68:Drivers/radio/Si446x/si446x_nirq.c **** BITS(Si446xModemPend, 2);
  69:Drivers/radio/Si446x/si446x_nirq.c **** BITS(Si446xModemPend, 3);
  70:Drivers/radio/Si446x/si446x_nirq.c **** BITS(Si446xModemPend, 4);
  71:Drivers/radio/Si446x/si446x_nirq.c **** BITS(Si446xModemPend, 5);
  72:Drivers/radio/Si446x/si446x_nirq.c **** BITS(Si446xModemPend, 6);
  73:Drivers/radio/Si446x/si446x_nirq.c **** BITS(Si446xModemPend, 7);
  74:Drivers/radio/Si446x/si446x_nirq.c **** 
  75:Drivers/radio/Si446x/si446x_nirq.c **** BITS(Si446xChipPend, 0);
  76:Drivers/radio/Si446x/si446x_nirq.c **** BITS(Si446xChipPend, 1);
  77:Drivers/radio/Si446x/si446x_nirq.c **** BITS(Si446xChipPend, 2);
  78:Drivers/radio/Si446x/si446x_nirq.c **** BITS(Si446xChipPend, 3);
  79:Drivers/radio/Si446x/si446x_nirq.c **** BITS(Si446xChipPend, 4);
  80:Drivers/radio/Si446x/si446x_nirq.c **** BITS(Si446xChipPend, 5);
  81:Drivers/radio/Si446x/si446x_nirq.c **** BITS(Si446xChipPend, 6);
  82:Drivers/radio/Si446x/si446x_nirq.c **** BITS(Si446xChipPend, 7);
  83:Drivers/radio/Si446x/si446x_nirq.c **** 
  84:Drivers/radio/Si446x/si446x_nirq.c **** /*!
  85:Drivers/radio/Si446x/si446x_nirq.c ****  * This function is used to handle the assertion of nIRQ of the si446x chip.
  86:Drivers/radio/Si446x/si446x_nirq.c ****  *
  87:Drivers/radio/Si446x/si446x_nirq.c ****  * @note This function can take up to 6 ms depending on the startup time of the
ARM GAS  C:\Users\andywei\AppData\Local\Temp\ccP56ncB.s 			page 3


  88:Drivers/radio/Si446x/si446x_nirq.c ****  * si446x chip.
  89:Drivers/radio/Si446x/si446x_nirq.c ****  *
  90:Drivers/radio/Si446x/si446x_nirq.c ****  */
  91:Drivers/radio/Si446x/si446x_nirq.c **** void si446x_nirq_process(void)
  92:Drivers/radio/Si446x/si446x_nirq.c **** {
  29              		.loc 1 92 1 view -0
  30              		.cfi_startproc
  31              		@ args = 0, pretend = 0, frame = 0
  32              		@ frame_needed = 0, uses_anonymous_args = 0
  33 0000 08B5     		push	{r3, lr}
  34              	.LCFI0:
  35              		.cfi_def_cfa_offset 8
  36              		.cfi_offset 3, -8
  37              		.cfi_offset 14, -4
  93:Drivers/radio/Si446x/si446x_nirq.c **** #ifdef SI446X_USER_CONFIG_USE_FRR_ABC_FOR_NIRQ
  94:Drivers/radio/Si446x/si446x_nirq.c ****     SEGMENT_VARIABLE(pendBits[3], U8, SEG_DATA);
  95:Drivers/radio/Si446x/si446x_nirq.c **** 
  96:Drivers/radio/Si446x/si446x_nirq.c ****     si446x_frr_read();
  97:Drivers/radio/Si446x/si446x_nirq.c **** #else
  98:Drivers/radio/Si446x/si446x_nirq.c ****     si446x_get_int_status(0, 0, 0);
  38              		.loc 1 98 5 view .LVU1
  39 0002 0022     		movs	r2, #0
  40 0004 1146     		mov	r1, r2
  41 0006 1046     		mov	r0, r2
  42 0008 FFF7FEFF 		bl	si446x_get_int_status
  43              	.LVL0:
  99:Drivers/radio/Si446x/si446x_nirq.c **** //    Si446xPhPend = Si446xCmd.GET_INT_STATUS.PH_PEND;
 100:Drivers/radio/Si446x/si446x_nirq.c **** //    Si446xModemPend = Si446xCmd.GET_INT_STATUS.MODEM_PEND;
 101:Drivers/radio/Si446x/si446x_nirq.c **** //    Si446xChipPend = Si446xCmd.GET_INT_STATUS.CHIP_PEND;
 102:Drivers/radio/Si446x/si446x_nirq.c ****     WRITE_TO_BIT_ARRAY(Si446xPhPend, Si446xCmd.GET_INT_STATUS.PH_PEND);
  44              		.loc 1 102 5 view .LVU2
  45 000c 324A     		ldr	r2, .L3
  46 000e 9378     		ldrb	r3, [r2, #2]	@ zero_extendqisi2
  47 0010 03F00100 		and	r0, r3, #1
  48 0014 3149     		ldr	r1, .L3+4
  49 0016 0870     		strb	r0, [r1]
  50              		.loc 1 102 5 view .LVU3
  51 0018 03F00200 		and	r0, r3, #2
  52 001c 3049     		ldr	r1, .L3+8
  53 001e 0870     		strb	r0, [r1]
  54              		.loc 1 102 5 view .LVU4
  55 0020 03F00400 		and	r0, r3, #4
  56 0024 2F49     		ldr	r1, .L3+12
  57 0026 0870     		strb	r0, [r1]
  58              		.loc 1 102 5 view .LVU5
  59 0028 03F00800 		and	r0, r3, #8
  60 002c 2E49     		ldr	r1, .L3+16
  61 002e 0870     		strb	r0, [r1]
  62              		.loc 1 102 5 view .LVU6
  63 0030 03F01000 		and	r0, r3, #16
  64 0034 2D49     		ldr	r1, .L3+20
  65 0036 0870     		strb	r0, [r1]
  66              		.loc 1 102 5 view .LVU7
  67 0038 03F02000 		and	r0, r3, #32
  68 003c 2C49     		ldr	r1, .L3+24
  69 003e 0870     		strb	r0, [r1]
  70              		.loc 1 102 5 view .LVU8
ARM GAS  C:\Users\andywei\AppData\Local\Temp\ccP56ncB.s 			page 4


  71 0040 03F04000 		and	r0, r3, #64
  72 0044 2B49     		ldr	r1, .L3+28
  73 0046 0870     		strb	r0, [r1]
  74              		.loc 1 102 5 view .LVU9
  75 0048 03F08003 		and	r3, r3, #128
  76 004c 2A49     		ldr	r1, .L3+32
  77 004e 0B70     		strb	r3, [r1]
  78              		.loc 1 102 71 view .LVU10
 103:Drivers/radio/Si446x/si446x_nirq.c ****     WRITE_TO_BIT_ARRAY(Si446xModemPend, Si446xCmd.GET_INT_STATUS.MODEM_PEND);
  79              		.loc 1 103 5 view .LVU11
  80 0050 1379     		ldrb	r3, [r2, #4]	@ zero_extendqisi2
  81 0052 03F00100 		and	r0, r3, #1
  82 0056 2949     		ldr	r1, .L3+36
  83 0058 0870     		strb	r0, [r1]
  84              		.loc 1 103 5 view .LVU12
  85 005a 03F00200 		and	r0, r3, #2
  86 005e 2849     		ldr	r1, .L3+40
  87 0060 0870     		strb	r0, [r1]
  88              		.loc 1 103 5 view .LVU13
  89 0062 03F00400 		and	r0, r3, #4
  90 0066 2749     		ldr	r1, .L3+44
  91 0068 0870     		strb	r0, [r1]
  92              		.loc 1 103 5 view .LVU14
  93 006a 03F00800 		and	r0, r3, #8
  94 006e 2649     		ldr	r1, .L3+48
  95 0070 0870     		strb	r0, [r1]
  96              		.loc 1 103 5 view .LVU15
  97 0072 03F01000 		and	r0, r3, #16
  98 0076 2549     		ldr	r1, .L3+52
  99 0078 0870     		strb	r0, [r1]
 100              		.loc 1 103 5 view .LVU16
 101 007a 03F02000 		and	r0, r3, #32
 102 007e 2449     		ldr	r1, .L3+56
 103 0080 0870     		strb	r0, [r1]
 104              		.loc 1 103 5 view .LVU17
 105 0082 03F04000 		and	r0, r3, #64
 106 0086 2349     		ldr	r1, .L3+60
 107 0088 0870     		strb	r0, [r1]
 108              		.loc 1 103 5 view .LVU18
 109 008a 03F08003 		and	r3, r3, #128
 110 008e 2249     		ldr	r1, .L3+64
 111 0090 0B70     		strb	r3, [r1]
 112              		.loc 1 103 77 view .LVU19
 104:Drivers/radio/Si446x/si446x_nirq.c ****     WRITE_TO_BIT_ARRAY(Si446xChipPend, Si446xCmd.GET_INT_STATUS.CHIP_PEND);
 113              		.loc 1 104 5 view .LVU20
 114 0092 9379     		ldrb	r3, [r2, #6]	@ zero_extendqisi2
 115 0094 03F00101 		and	r1, r3, #1
 116 0098 204A     		ldr	r2, .L3+68
 117 009a 1170     		strb	r1, [r2]
 118              		.loc 1 104 5 view .LVU21
 119 009c 03F00201 		and	r1, r3, #2
 120 00a0 1F4A     		ldr	r2, .L3+72
 121 00a2 1170     		strb	r1, [r2]
 122              		.loc 1 104 5 view .LVU22
 123 00a4 03F00401 		and	r1, r3, #4
 124 00a8 1E4A     		ldr	r2, .L3+76
 125 00aa 1170     		strb	r1, [r2]
ARM GAS  C:\Users\andywei\AppData\Local\Temp\ccP56ncB.s 			page 5


 126              		.loc 1 104 5 view .LVU23
 127 00ac 03F00801 		and	r1, r3, #8
 128 00b0 1D4A     		ldr	r2, .L3+80
 129 00b2 1170     		strb	r1, [r2]
 130              		.loc 1 104 5 view .LVU24
 131 00b4 03F01001 		and	r1, r3, #16
 132 00b8 1C4A     		ldr	r2, .L3+84
 133 00ba 1170     		strb	r1, [r2]
 134              		.loc 1 104 5 view .LVU25
 135 00bc 03F02001 		and	r1, r3, #32
 136 00c0 1B4A     		ldr	r2, .L3+88
 137 00c2 1170     		strb	r1, [r2]
 138              		.loc 1 104 5 view .LVU26
 139 00c4 03F04001 		and	r1, r3, #64
 140 00c8 1A4A     		ldr	r2, .L3+92
 141 00ca 1170     		strb	r1, [r2]
 142              		.loc 1 104 5 view .LVU27
 143 00cc 03F08003 		and	r3, r3, #128
 144 00d0 194A     		ldr	r2, .L3+96
 145 00d2 1370     		strb	r3, [r2]
 146              		.loc 1 104 75 view .LVU28
 105:Drivers/radio/Si446x/si446x_nirq.c **** #endif
 106:Drivers/radio/Si446x/si446x_nirq.c **** }
 147              		.loc 1 106 1 is_stmt 0 view .LVU29
 148 00d4 08BD     		pop	{r3, pc}
 149              	.L4:
 150 00d6 00BF     		.align	2
 151              	.L3:
 152 00d8 00000000 		.word	Si446xCmd
 153 00dc 00000000 		.word	.LANCHOR0
 154 00e0 00000000 		.word	.LANCHOR1
 155 00e4 00000000 		.word	.LANCHOR2
 156 00e8 00000000 		.word	.LANCHOR3
 157 00ec 00000000 		.word	.LANCHOR4
 158 00f0 00000000 		.word	.LANCHOR5
 159 00f4 00000000 		.word	.LANCHOR6
 160 00f8 00000000 		.word	.LANCHOR7
 161 00fc 00000000 		.word	.LANCHOR8
 162 0100 00000000 		.word	.LANCHOR9
 163 0104 00000000 		.word	.LANCHOR10
 164 0108 00000000 		.word	.LANCHOR11
 165 010c 00000000 		.word	.LANCHOR12
 166 0110 00000000 		.word	.LANCHOR13
 167 0114 00000000 		.word	.LANCHOR14
 168 0118 00000000 		.word	.LANCHOR15
 169 011c 00000000 		.word	.LANCHOR16
 170 0120 00000000 		.word	.LANCHOR17
 171 0124 00000000 		.word	.LANCHOR18
 172 0128 00000000 		.word	.LANCHOR19
 173 012c 00000000 		.word	.LANCHOR20
 174 0130 00000000 		.word	.LANCHOR21
 175 0134 00000000 		.word	.LANCHOR22
 176 0138 00000000 		.word	.LANCHOR23
 177              		.cfi_endproc
 178              	.LFE135:
 180              		.global	Si446xChipPend7
 181              		.global	Si446xChipPend6
ARM GAS  C:\Users\andywei\AppData\Local\Temp\ccP56ncB.s 			page 6


 182              		.global	Si446xChipPend5
 183              		.global	Si446xChipPend4
 184              		.global	Si446xChipPend3
 185              		.global	Si446xChipPend2
 186              		.global	Si446xChipPend1
 187              		.global	Si446xChipPend0
 188              		.global	Si446xModemPend7
 189              		.global	Si446xModemPend6
 190              		.global	Si446xModemPend5
 191              		.global	Si446xModemPend4
 192              		.global	Si446xModemPend3
 193              		.global	Si446xModemPend2
 194              		.global	Si446xModemPend1
 195              		.global	Si446xModemPend0
 196              		.global	Si446xPhPend7
 197              		.global	Si446xPhPend6
 198              		.global	Si446xPhPend5
 199              		.global	Si446xPhPend4
 200              		.global	Si446xPhPend3
 201              		.global	Si446xPhPend2
 202              		.global	Si446xPhPend1
 203              		.global	Si446xPhPend0
 204              		.section	.bss.Si446xChipPend0,"aw",%nobits
 205              		.set	.LANCHOR16,. + 0
 208              	Si446xChipPend0:
 209 0000 00       		.space	1
 210              		.section	.bss.Si446xChipPend1,"aw",%nobits
 211              		.set	.LANCHOR17,. + 0
 214              	Si446xChipPend1:
 215 0000 00       		.space	1
 216              		.section	.bss.Si446xChipPend2,"aw",%nobits
 217              		.set	.LANCHOR18,. + 0
 220              	Si446xChipPend2:
 221 0000 00       		.space	1
 222              		.section	.bss.Si446xChipPend3,"aw",%nobits
 223              		.set	.LANCHOR19,. + 0
 226              	Si446xChipPend3:
 227 0000 00       		.space	1
 228              		.section	.bss.Si446xChipPend4,"aw",%nobits
 229              		.set	.LANCHOR20,. + 0
 232              	Si446xChipPend4:
 233 0000 00       		.space	1
 234              		.section	.bss.Si446xChipPend5,"aw",%nobits
 235              		.set	.LANCHOR21,. + 0
 238              	Si446xChipPend5:
 239 0000 00       		.space	1
 240              		.section	.bss.Si446xChipPend6,"aw",%nobits
 241              		.set	.LANCHOR22,. + 0
 244              	Si446xChipPend6:
 245 0000 00       		.space	1
 246              		.section	.bss.Si446xChipPend7,"aw",%nobits
 247              		.set	.LANCHOR23,. + 0
 250              	Si446xChipPend7:
 251 0000 00       		.space	1
 252              		.section	.bss.Si446xModemPend0,"aw",%nobits
 253              		.set	.LANCHOR8,. + 0
 256              	Si446xModemPend0:
ARM GAS  C:\Users\andywei\AppData\Local\Temp\ccP56ncB.s 			page 7


 257 0000 00       		.space	1
 258              		.section	.bss.Si446xModemPend1,"aw",%nobits
 259              		.set	.LANCHOR9,. + 0
 262              	Si446xModemPend1:
 263 0000 00       		.space	1
 264              		.section	.bss.Si446xModemPend2,"aw",%nobits
 265              		.set	.LANCHOR10,. + 0
 268              	Si446xModemPend2:
 269 0000 00       		.space	1
 270              		.section	.bss.Si446xModemPend3,"aw",%nobits
 271              		.set	.LANCHOR11,. + 0
 274              	Si446xModemPend3:
 275 0000 00       		.space	1
 276              		.section	.bss.Si446xModemPend4,"aw",%nobits
 277              		.set	.LANCHOR12,. + 0
 280              	Si446xModemPend4:
 281 0000 00       		.space	1
 282              		.section	.bss.Si446xModemPend5,"aw",%nobits
 283              		.set	.LANCHOR13,. + 0
 286              	Si446xModemPend5:
 287 0000 00       		.space	1
 288              		.section	.bss.Si446xModemPend6,"aw",%nobits
 289              		.set	.LANCHOR14,. + 0
 292              	Si446xModemPend6:
 293 0000 00       		.space	1
 294              		.section	.bss.Si446xModemPend7,"aw",%nobits
 295              		.set	.LANCHOR15,. + 0
 298              	Si446xModemPend7:
 299 0000 00       		.space	1
 300              		.section	.bss.Si446xPhPend0,"aw",%nobits
 301              		.set	.LANCHOR0,. + 0
 304              	Si446xPhPend0:
 305 0000 00       		.space	1
 306              		.section	.bss.Si446xPhPend1,"aw",%nobits
 307              		.set	.LANCHOR1,. + 0
 310              	Si446xPhPend1:
 311 0000 00       		.space	1
 312              		.section	.bss.Si446xPhPend2,"aw",%nobits
 313              		.set	.LANCHOR2,. + 0
 316              	Si446xPhPend2:
 317 0000 00       		.space	1
 318              		.section	.bss.Si446xPhPend3,"aw",%nobits
 319              		.set	.LANCHOR3,. + 0
 322              	Si446xPhPend3:
 323 0000 00       		.space	1
 324              		.section	.bss.Si446xPhPend4,"aw",%nobits
 325              		.set	.LANCHOR4,. + 0
 328              	Si446xPhPend4:
 329 0000 00       		.space	1
 330              		.section	.bss.Si446xPhPend5,"aw",%nobits
 331              		.set	.LANCHOR5,. + 0
 334              	Si446xPhPend5:
 335 0000 00       		.space	1
 336              		.section	.bss.Si446xPhPend6,"aw",%nobits
 337              		.set	.LANCHOR6,. + 0
 340              	Si446xPhPend6:
 341 0000 00       		.space	1
ARM GAS  C:\Users\andywei\AppData\Local\Temp\ccP56ncB.s 			page 8


 342              		.section	.bss.Si446xPhPend7,"aw",%nobits
 343              		.set	.LANCHOR7,. + 0
 346              	Si446xPhPend7:
 347 0000 00       		.space	1
 348              		.text
 349              	.Letext0:
 350              		.file 2 "c:\\program files (x86)\\gnu arm embedded toolchain\\10 2020-q4-major\\arm-none-eabi\\inc
 351              		.file 3 "c:\\program files (x86)\\gnu arm embedded toolchain\\10 2020-q4-major\\arm-none-eabi\\inc
 352              		.file 4 "Inc/bsp.h"
 353              		.file 5 "Drivers/radio/Si446x/si446x_cmd.h"
 354              		.file 6 "Drivers/radio/Si446x/si446x_api_lib.h"
ARM GAS  C:\Users\andywei\AppData\Local\Temp\ccP56ncB.s 			page 9


DEFINED SYMBOLS
                            *ABS*:00000000 si446x_nirq.c
C:\Users\andywei\AppData\Local\Temp\ccP56ncB.s:18     .text.si446x_nirq_process:00000000 $t
C:\Users\andywei\AppData\Local\Temp\ccP56ncB.s:26     .text.si446x_nirq_process:00000000 si446x_nirq_process
C:\Users\andywei\AppData\Local\Temp\ccP56ncB.s:152    .text.si446x_nirq_process:000000d8 $d
C:\Users\andywei\AppData\Local\Temp\ccP56ncB.s:250    .bss.Si446xChipPend7:00000000 Si446xChipPend7
C:\Users\andywei\AppData\Local\Temp\ccP56ncB.s:244    .bss.Si446xChipPend6:00000000 Si446xChipPend6
C:\Users\andywei\AppData\Local\Temp\ccP56ncB.s:238    .bss.Si446xChipPend5:00000000 Si446xChipPend5
C:\Users\andywei\AppData\Local\Temp\ccP56ncB.s:232    .bss.Si446xChipPend4:00000000 Si446xChipPend4
C:\Users\andywei\AppData\Local\Temp\ccP56ncB.s:226    .bss.Si446xChipPend3:00000000 Si446xChipPend3
C:\Users\andywei\AppData\Local\Temp\ccP56ncB.s:220    .bss.Si446xChipPend2:00000000 Si446xChipPend2
C:\Users\andywei\AppData\Local\Temp\ccP56ncB.s:214    .bss.Si446xChipPend1:00000000 Si446xChipPend1
C:\Users\andywei\AppData\Local\Temp\ccP56ncB.s:208    .bss.Si446xChipPend0:00000000 Si446xChipPend0
C:\Users\andywei\AppData\Local\Temp\ccP56ncB.s:298    .bss.Si446xModemPend7:00000000 Si446xModemPend7
C:\Users\andywei\AppData\Local\Temp\ccP56ncB.s:292    .bss.Si446xModemPend6:00000000 Si446xModemPend6
C:\Users\andywei\AppData\Local\Temp\ccP56ncB.s:286    .bss.Si446xModemPend5:00000000 Si446xModemPend5
C:\Users\andywei\AppData\Local\Temp\ccP56ncB.s:280    .bss.Si446xModemPend4:00000000 Si446xModemPend4
C:\Users\andywei\AppData\Local\Temp\ccP56ncB.s:274    .bss.Si446xModemPend3:00000000 Si446xModemPend3
C:\Users\andywei\AppData\Local\Temp\ccP56ncB.s:268    .bss.Si446xModemPend2:00000000 Si446xModemPend2
C:\Users\andywei\AppData\Local\Temp\ccP56ncB.s:262    .bss.Si446xModemPend1:00000000 Si446xModemPend1
C:\Users\andywei\AppData\Local\Temp\ccP56ncB.s:256    .bss.Si446xModemPend0:00000000 Si446xModemPend0
C:\Users\andywei\AppData\Local\Temp\ccP56ncB.s:346    .bss.Si446xPhPend7:00000000 Si446xPhPend7
C:\Users\andywei\AppData\Local\Temp\ccP56ncB.s:340    .bss.Si446xPhPend6:00000000 Si446xPhPend6
C:\Users\andywei\AppData\Local\Temp\ccP56ncB.s:334    .bss.Si446xPhPend5:00000000 Si446xPhPend5
C:\Users\andywei\AppData\Local\Temp\ccP56ncB.s:328    .bss.Si446xPhPend4:00000000 Si446xPhPend4
C:\Users\andywei\AppData\Local\Temp\ccP56ncB.s:322    .bss.Si446xPhPend3:00000000 Si446xPhPend3
C:\Users\andywei\AppData\Local\Temp\ccP56ncB.s:316    .bss.Si446xPhPend2:00000000 Si446xPhPend2
C:\Users\andywei\AppData\Local\Temp\ccP56ncB.s:310    .bss.Si446xPhPend1:00000000 Si446xPhPend1
C:\Users\andywei\AppData\Local\Temp\ccP56ncB.s:304    .bss.Si446xPhPend0:00000000 Si446xPhPend0
C:\Users\andywei\AppData\Local\Temp\ccP56ncB.s:209    .bss.Si446xChipPend0:00000000 $d
C:\Users\andywei\AppData\Local\Temp\ccP56ncB.s:215    .bss.Si446xChipPend1:00000000 $d
C:\Users\andywei\AppData\Local\Temp\ccP56ncB.s:221    .bss.Si446xChipPend2:00000000 $d
C:\Users\andywei\AppData\Local\Temp\ccP56ncB.s:227    .bss.Si446xChipPend3:00000000 $d
C:\Users\andywei\AppData\Local\Temp\ccP56ncB.s:233    .bss.Si446xChipPend4:00000000 $d
C:\Users\andywei\AppData\Local\Temp\ccP56ncB.s:239    .bss.Si446xChipPend5:00000000 $d
C:\Users\andywei\AppData\Local\Temp\ccP56ncB.s:245    .bss.Si446xChipPend6:00000000 $d
C:\Users\andywei\AppData\Local\Temp\ccP56ncB.s:251    .bss.Si446xChipPend7:00000000 $d
C:\Users\andywei\AppData\Local\Temp\ccP56ncB.s:257    .bss.Si446xModemPend0:00000000 $d
C:\Users\andywei\AppData\Local\Temp\ccP56ncB.s:263    .bss.Si446xModemPend1:00000000 $d
C:\Users\andywei\AppData\Local\Temp\ccP56ncB.s:269    .bss.Si446xModemPend2:00000000 $d
C:\Users\andywei\AppData\Local\Temp\ccP56ncB.s:275    .bss.Si446xModemPend3:00000000 $d
C:\Users\andywei\AppData\Local\Temp\ccP56ncB.s:281    .bss.Si446xModemPend4:00000000 $d
C:\Users\andywei\AppData\Local\Temp\ccP56ncB.s:287    .bss.Si446xModemPend5:00000000 $d
C:\Users\andywei\AppData\Local\Temp\ccP56ncB.s:293    .bss.Si446xModemPend6:00000000 $d
C:\Users\andywei\AppData\Local\Temp\ccP56ncB.s:299    .bss.Si446xModemPend7:00000000 $d
C:\Users\andywei\AppData\Local\Temp\ccP56ncB.s:305    .bss.Si446xPhPend0:00000000 $d
C:\Users\andywei\AppData\Local\Temp\ccP56ncB.s:311    .bss.Si446xPhPend1:00000000 $d
C:\Users\andywei\AppData\Local\Temp\ccP56ncB.s:317    .bss.Si446xPhPend2:00000000 $d
C:\Users\andywei\AppData\Local\Temp\ccP56ncB.s:323    .bss.Si446xPhPend3:00000000 $d
C:\Users\andywei\AppData\Local\Temp\ccP56ncB.s:329    .bss.Si446xPhPend4:00000000 $d
C:\Users\andywei\AppData\Local\Temp\ccP56ncB.s:335    .bss.Si446xPhPend5:00000000 $d
C:\Users\andywei\AppData\Local\Temp\ccP56ncB.s:341    .bss.Si446xPhPend6:00000000 $d
C:\Users\andywei\AppData\Local\Temp\ccP56ncB.s:347    .bss.Si446xPhPend7:00000000 $d

UNDEFINED SYMBOLS
si446x_get_int_status
Si446xCmd
ARM GAS  C:\Users\andywei\AppData\Local\Temp\ccP56ncB.s 			page 10


