ARM GAS  C:\Users\andywei\AppData\Local\Temp\ccJdH6Sh.s 			page 1


   1              		.cpu cortex-m4
   2              		.eabi_attribute 27, 1
   3              		.eabi_attribute 28, 1
   4              		.eabi_attribute 20, 1
   5              		.eabi_attribute 21, 1
   6              		.eabi_attribute 23, 3
   7              		.eabi_attribute 24, 1
   8              		.eabi_attribute 25, 1
   9              		.eabi_attribute 26, 1
  10              		.eabi_attribute 30, 1
  11              		.eabi_attribute 34, 1
  12              		.eabi_attribute 18, 4
  13              		.file	"stm32l4xx_hal_msp.c"
  14              		.text
  15              	.Ltext0:
  16              		.cfi_sections	.debug_frame
  17              		.section	.text.HAL_MspInit,"ax",%progbits
  18              		.align	1
  19              		.global	HAL_MspInit
  20              		.arch armv7e-m
  21              		.syntax unified
  22              		.thumb
  23              		.thumb_func
  24              		.fpu fpv4-sp-d16
  26              	HAL_MspInit:
  27              	.LFB132:
  28              		.file 1 "Src/stm32l4xx_hal_msp.c"
   1:Src/stm32l4xx_hal_msp.c **** /* USER CODE BEGIN Header */
   2:Src/stm32l4xx_hal_msp.c **** /**
   3:Src/stm32l4xx_hal_msp.c ****   ******************************************************************************
   4:Src/stm32l4xx_hal_msp.c ****   * @file         stm32l4xx_hal_msp.c
   5:Src/stm32l4xx_hal_msp.c ****   * @brief        This file provides code for the MSP Initialization
   6:Src/stm32l4xx_hal_msp.c ****   *               and de-Initialization codes.
   7:Src/stm32l4xx_hal_msp.c ****   ******************************************************************************
   8:Src/stm32l4xx_hal_msp.c ****   * @attention
   9:Src/stm32l4xx_hal_msp.c ****   *
  10:Src/stm32l4xx_hal_msp.c ****   * <h2><center>&copy; Copyright (c) 2021 STMicroelectronics.
  11:Src/stm32l4xx_hal_msp.c ****   * All rights reserved.</center></h2>
  12:Src/stm32l4xx_hal_msp.c ****   *
  13:Src/stm32l4xx_hal_msp.c ****   * This software component is licensed by ST under BSD 3-Clause license,
  14:Src/stm32l4xx_hal_msp.c ****   * the "License"; You may not use this file except in compliance with the
  15:Src/stm32l4xx_hal_msp.c ****   * License. You may obtain a copy of the License at:
  16:Src/stm32l4xx_hal_msp.c ****   *                        opensource.org/licenses/BSD-3-Clause
  17:Src/stm32l4xx_hal_msp.c ****   *
  18:Src/stm32l4xx_hal_msp.c ****   ******************************************************************************
  19:Src/stm32l4xx_hal_msp.c ****   */
  20:Src/stm32l4xx_hal_msp.c **** /* USER CODE END Header */
  21:Src/stm32l4xx_hal_msp.c **** 
  22:Src/stm32l4xx_hal_msp.c **** /* Includes ------------------------------------------------------------------*/
  23:Src/stm32l4xx_hal_msp.c **** #include "main.h"
  24:Src/stm32l4xx_hal_msp.c **** /* USER CODE BEGIN Includes */
  25:Src/stm32l4xx_hal_msp.c **** 
  26:Src/stm32l4xx_hal_msp.c **** /* USER CODE END Includes */
  27:Src/stm32l4xx_hal_msp.c **** 
  28:Src/stm32l4xx_hal_msp.c **** /* Private typedef -----------------------------------------------------------*/
  29:Src/stm32l4xx_hal_msp.c **** /* USER CODE BEGIN TD */
  30:Src/stm32l4xx_hal_msp.c **** 
ARM GAS  C:\Users\andywei\AppData\Local\Temp\ccJdH6Sh.s 			page 2


  31:Src/stm32l4xx_hal_msp.c **** /* USER CODE END TD */
  32:Src/stm32l4xx_hal_msp.c **** 
  33:Src/stm32l4xx_hal_msp.c **** /* Private define ------------------------------------------------------------*/
  34:Src/stm32l4xx_hal_msp.c **** /* USER CODE BEGIN Define */
  35:Src/stm32l4xx_hal_msp.c **** 
  36:Src/stm32l4xx_hal_msp.c **** /* USER CODE END Define */
  37:Src/stm32l4xx_hal_msp.c **** 
  38:Src/stm32l4xx_hal_msp.c **** /* Private macro -------------------------------------------------------------*/
  39:Src/stm32l4xx_hal_msp.c **** /* USER CODE BEGIN Macro */
  40:Src/stm32l4xx_hal_msp.c **** 
  41:Src/stm32l4xx_hal_msp.c **** /* USER CODE END Macro */
  42:Src/stm32l4xx_hal_msp.c **** 
  43:Src/stm32l4xx_hal_msp.c **** /* Private variables ---------------------------------------------------------*/
  44:Src/stm32l4xx_hal_msp.c **** /* USER CODE BEGIN PV */
  45:Src/stm32l4xx_hal_msp.c **** 
  46:Src/stm32l4xx_hal_msp.c **** /* USER CODE END PV */
  47:Src/stm32l4xx_hal_msp.c **** 
  48:Src/stm32l4xx_hal_msp.c **** /* Private function prototypes -----------------------------------------------*/
  49:Src/stm32l4xx_hal_msp.c **** /* USER CODE BEGIN PFP */
  50:Src/stm32l4xx_hal_msp.c **** 
  51:Src/stm32l4xx_hal_msp.c **** /* USER CODE END PFP */
  52:Src/stm32l4xx_hal_msp.c **** 
  53:Src/stm32l4xx_hal_msp.c **** /* External functions --------------------------------------------------------*/
  54:Src/stm32l4xx_hal_msp.c **** /* USER CODE BEGIN ExternalFunctions */
  55:Src/stm32l4xx_hal_msp.c **** 
  56:Src/stm32l4xx_hal_msp.c **** /* USER CODE END ExternalFunctions */
  57:Src/stm32l4xx_hal_msp.c **** 
  58:Src/stm32l4xx_hal_msp.c **** /* USER CODE BEGIN 0 */
  59:Src/stm32l4xx_hal_msp.c **** 
  60:Src/stm32l4xx_hal_msp.c **** /* USER CODE END 0 */
  61:Src/stm32l4xx_hal_msp.c **** /**
  62:Src/stm32l4xx_hal_msp.c ****   * Initializes the Global MSP.
  63:Src/stm32l4xx_hal_msp.c ****   */
  64:Src/stm32l4xx_hal_msp.c **** void HAL_MspInit(void)
  65:Src/stm32l4xx_hal_msp.c **** {
  29              		.loc 1 65 1 view -0
  30              		.cfi_startproc
  31              		@ args = 0, pretend = 0, frame = 8
  32              		@ frame_needed = 0, uses_anonymous_args = 0
  33              		@ link register save eliminated.
  34 0000 82B0     		sub	sp, sp, #8
  35              	.LCFI0:
  36              		.cfi_def_cfa_offset 8
  66:Src/stm32l4xx_hal_msp.c ****   /* USER CODE BEGIN MspInit 0 */
  67:Src/stm32l4xx_hal_msp.c **** 
  68:Src/stm32l4xx_hal_msp.c ****   /* USER CODE END MspInit 0 */
  69:Src/stm32l4xx_hal_msp.c **** 
  70:Src/stm32l4xx_hal_msp.c ****   __HAL_RCC_SYSCFG_CLK_ENABLE();
  37              		.loc 1 70 3 view .LVU1
  38              	.LBB2:
  39              		.loc 1 70 3 view .LVU2
  40              		.loc 1 70 3 view .LVU3
  41 0002 0A4B     		ldr	r3, .L3
  42 0004 1A6E     		ldr	r2, [r3, #96]
  43 0006 42F00102 		orr	r2, r2, #1
  44 000a 1A66     		str	r2, [r3, #96]
  45              		.loc 1 70 3 view .LVU4
ARM GAS  C:\Users\andywei\AppData\Local\Temp\ccJdH6Sh.s 			page 3


  46 000c 1A6E     		ldr	r2, [r3, #96]
  47 000e 02F00102 		and	r2, r2, #1
  48 0012 0092     		str	r2, [sp]
  49              		.loc 1 70 3 view .LVU5
  50 0014 009A     		ldr	r2, [sp]
  51              	.LBE2:
  52              		.loc 1 70 3 view .LVU6
  71:Src/stm32l4xx_hal_msp.c ****   __HAL_RCC_PWR_CLK_ENABLE();
  53              		.loc 1 71 3 view .LVU7
  54              	.LBB3:
  55              		.loc 1 71 3 view .LVU8
  56              		.loc 1 71 3 view .LVU9
  57 0016 9A6D     		ldr	r2, [r3, #88]
  58 0018 42F08052 		orr	r2, r2, #268435456
  59 001c 9A65     		str	r2, [r3, #88]
  60              		.loc 1 71 3 view .LVU10
  61 001e 9B6D     		ldr	r3, [r3, #88]
  62 0020 03F08053 		and	r3, r3, #268435456
  63 0024 0193     		str	r3, [sp, #4]
  64              		.loc 1 71 3 view .LVU11
  65 0026 019B     		ldr	r3, [sp, #4]
  66              	.LBE3:
  67              		.loc 1 71 3 view .LVU12
  72:Src/stm32l4xx_hal_msp.c **** 
  73:Src/stm32l4xx_hal_msp.c ****   /* System interrupt init*/
  74:Src/stm32l4xx_hal_msp.c **** 
  75:Src/stm32l4xx_hal_msp.c ****   /* USER CODE BEGIN MspInit 1 */
  76:Src/stm32l4xx_hal_msp.c **** 
  77:Src/stm32l4xx_hal_msp.c ****   /* USER CODE END MspInit 1 */
  78:Src/stm32l4xx_hal_msp.c **** }
  68              		.loc 1 78 1 is_stmt 0 view .LVU13
  69 0028 02B0     		add	sp, sp, #8
  70              	.LCFI1:
  71              		.cfi_def_cfa_offset 0
  72              		@ sp needed
  73 002a 7047     		bx	lr
  74              	.L4:
  75              		.align	2
  76              	.L3:
  77 002c 00100240 		.word	1073876992
  78              		.cfi_endproc
  79              	.LFE132:
  81              		.section	.text.HAL_RTC_MspInit,"ax",%progbits
  82              		.align	1
  83              		.global	HAL_RTC_MspInit
  84              		.syntax unified
  85              		.thumb
  86              		.thumb_func
  87              		.fpu fpv4-sp-d16
  89              	HAL_RTC_MspInit:
  90              	.LVL0:
  91              	.LFB133:
  79:Src/stm32l4xx_hal_msp.c **** 
  80:Src/stm32l4xx_hal_msp.c **** /**
  81:Src/stm32l4xx_hal_msp.c **** * @brief RTC MSP Initialization
  82:Src/stm32l4xx_hal_msp.c **** * This function configures the hardware resources used in this example
  83:Src/stm32l4xx_hal_msp.c **** * @param hrtc: RTC handle pointer
ARM GAS  C:\Users\andywei\AppData\Local\Temp\ccJdH6Sh.s 			page 4


  84:Src/stm32l4xx_hal_msp.c **** * @retval None
  85:Src/stm32l4xx_hal_msp.c **** */
  86:Src/stm32l4xx_hal_msp.c **** void HAL_RTC_MspInit(RTC_HandleTypeDef* hrtc)
  87:Src/stm32l4xx_hal_msp.c **** {
  92              		.loc 1 87 1 is_stmt 1 view -0
  93              		.cfi_startproc
  94              		@ args = 0, pretend = 0, frame = 0
  95              		@ frame_needed = 0, uses_anonymous_args = 0
  96              		@ link register save eliminated.
  88:Src/stm32l4xx_hal_msp.c ****   if(hrtc->Instance==RTC)
  97              		.loc 1 88 3 view .LVU15
  98              		.loc 1 88 10 is_stmt 0 view .LVU16
  99 0000 0268     		ldr	r2, [r0]
 100              		.loc 1 88 5 view .LVU17
 101 0002 064B     		ldr	r3, .L8
 102 0004 9A42     		cmp	r2, r3
 103 0006 00D0     		beq	.L7
 104              	.L5:
  89:Src/stm32l4xx_hal_msp.c ****   {
  90:Src/stm32l4xx_hal_msp.c ****   /* USER CODE BEGIN RTC_MspInit 0 */
  91:Src/stm32l4xx_hal_msp.c **** 
  92:Src/stm32l4xx_hal_msp.c ****   /* USER CODE END RTC_MspInit 0 */
  93:Src/stm32l4xx_hal_msp.c ****     /* Peripheral clock enable */
  94:Src/stm32l4xx_hal_msp.c ****     __HAL_RCC_RTC_ENABLE();
  95:Src/stm32l4xx_hal_msp.c ****   /* USER CODE BEGIN RTC_MspInit 1 */
  96:Src/stm32l4xx_hal_msp.c **** 
  97:Src/stm32l4xx_hal_msp.c ****   /* USER CODE END RTC_MspInit 1 */
  98:Src/stm32l4xx_hal_msp.c ****   }
  99:Src/stm32l4xx_hal_msp.c **** 
 100:Src/stm32l4xx_hal_msp.c **** }
 105              		.loc 1 100 1 view .LVU18
 106 0008 7047     		bx	lr
 107              	.L7:
  94:Src/stm32l4xx_hal_msp.c ****   /* USER CODE BEGIN RTC_MspInit 1 */
 108              		.loc 1 94 5 is_stmt 1 view .LVU19
 109 000a 054A     		ldr	r2, .L8+4
 110 000c D2F89030 		ldr	r3, [r2, #144]
 111 0010 43F40043 		orr	r3, r3, #32768
 112 0014 C2F89030 		str	r3, [r2, #144]
 113              		.loc 1 100 1 is_stmt 0 view .LVU20
 114 0018 F6E7     		b	.L5
 115              	.L9:
 116 001a 00BF     		.align	2
 117              	.L8:
 118 001c 00280040 		.word	1073752064
 119 0020 00100240 		.word	1073876992
 120              		.cfi_endproc
 121              	.LFE133:
 123              		.section	.text.HAL_RTC_MspDeInit,"ax",%progbits
 124              		.align	1
 125              		.global	HAL_RTC_MspDeInit
 126              		.syntax unified
 127              		.thumb
 128              		.thumb_func
 129              		.fpu fpv4-sp-d16
 131              	HAL_RTC_MspDeInit:
 132              	.LVL1:
ARM GAS  C:\Users\andywei\AppData\Local\Temp\ccJdH6Sh.s 			page 5


 133              	.LFB134:
 101:Src/stm32l4xx_hal_msp.c **** 
 102:Src/stm32l4xx_hal_msp.c **** /**
 103:Src/stm32l4xx_hal_msp.c **** * @brief RTC MSP De-Initialization
 104:Src/stm32l4xx_hal_msp.c **** * This function freeze the hardware resources used in this example
 105:Src/stm32l4xx_hal_msp.c **** * @param hrtc: RTC handle pointer
 106:Src/stm32l4xx_hal_msp.c **** * @retval None
 107:Src/stm32l4xx_hal_msp.c **** */
 108:Src/stm32l4xx_hal_msp.c **** void HAL_RTC_MspDeInit(RTC_HandleTypeDef* hrtc)
 109:Src/stm32l4xx_hal_msp.c **** {
 134              		.loc 1 109 1 is_stmt 1 view -0
 135              		.cfi_startproc
 136              		@ args = 0, pretend = 0, frame = 0
 137              		@ frame_needed = 0, uses_anonymous_args = 0
 138              		@ link register save eliminated.
 110:Src/stm32l4xx_hal_msp.c ****   if(hrtc->Instance==RTC)
 139              		.loc 1 110 3 view .LVU22
 140              		.loc 1 110 10 is_stmt 0 view .LVU23
 141 0000 0268     		ldr	r2, [r0]
 142              		.loc 1 110 5 view .LVU24
 143 0002 064B     		ldr	r3, .L13
 144 0004 9A42     		cmp	r2, r3
 145 0006 00D0     		beq	.L12
 146              	.L10:
 111:Src/stm32l4xx_hal_msp.c ****   {
 112:Src/stm32l4xx_hal_msp.c ****   /* USER CODE BEGIN RTC_MspDeInit 0 */
 113:Src/stm32l4xx_hal_msp.c **** 
 114:Src/stm32l4xx_hal_msp.c ****   /* USER CODE END RTC_MspDeInit 0 */
 115:Src/stm32l4xx_hal_msp.c ****     /* Peripheral clock disable */
 116:Src/stm32l4xx_hal_msp.c ****     __HAL_RCC_RTC_DISABLE();
 117:Src/stm32l4xx_hal_msp.c ****   /* USER CODE BEGIN RTC_MspDeInit 1 */
 118:Src/stm32l4xx_hal_msp.c **** 
 119:Src/stm32l4xx_hal_msp.c ****   /* USER CODE END RTC_MspDeInit 1 */
 120:Src/stm32l4xx_hal_msp.c ****   }
 121:Src/stm32l4xx_hal_msp.c **** 
 122:Src/stm32l4xx_hal_msp.c **** }
 147              		.loc 1 122 1 view .LVU25
 148 0008 7047     		bx	lr
 149              	.L12:
 116:Src/stm32l4xx_hal_msp.c ****   /* USER CODE BEGIN RTC_MspDeInit 1 */
 150              		.loc 1 116 5 is_stmt 1 view .LVU26
 151 000a 054A     		ldr	r2, .L13+4
 152 000c D2F89030 		ldr	r3, [r2, #144]
 153 0010 23F40043 		bic	r3, r3, #32768
 154 0014 C2F89030 		str	r3, [r2, #144]
 155              		.loc 1 122 1 is_stmt 0 view .LVU27
 156 0018 F6E7     		b	.L10
 157              	.L14:
 158 001a 00BF     		.align	2
 159              	.L13:
 160 001c 00280040 		.word	1073752064
 161 0020 00100240 		.word	1073876992
 162              		.cfi_endproc
 163              	.LFE134:
 165              		.section	.text.HAL_SPI_MspInit,"ax",%progbits
 166              		.align	1
 167              		.global	HAL_SPI_MspInit
ARM GAS  C:\Users\andywei\AppData\Local\Temp\ccJdH6Sh.s 			page 6


 168              		.syntax unified
 169              		.thumb
 170              		.thumb_func
 171              		.fpu fpv4-sp-d16
 173              	HAL_SPI_MspInit:
 174              	.LVL2:
 175              	.LFB135:
 123:Src/stm32l4xx_hal_msp.c **** 
 124:Src/stm32l4xx_hal_msp.c **** /**
 125:Src/stm32l4xx_hal_msp.c **** * @brief SPI MSP Initialization
 126:Src/stm32l4xx_hal_msp.c **** * This function configures the hardware resources used in this example
 127:Src/stm32l4xx_hal_msp.c **** * @param hspi: SPI handle pointer
 128:Src/stm32l4xx_hal_msp.c **** * @retval None
 129:Src/stm32l4xx_hal_msp.c **** */
 130:Src/stm32l4xx_hal_msp.c **** void HAL_SPI_MspInit(SPI_HandleTypeDef* hspi)
 131:Src/stm32l4xx_hal_msp.c **** {
 176              		.loc 1 131 1 is_stmt 1 view -0
 177              		.cfi_startproc
 178              		@ args = 0, pretend = 0, frame = 32
 179              		@ frame_needed = 0, uses_anonymous_args = 0
 180              		.loc 1 131 1 is_stmt 0 view .LVU29
 181 0000 00B5     		push	{lr}
 182              	.LCFI2:
 183              		.cfi_def_cfa_offset 4
 184              		.cfi_offset 14, -4
 185 0002 89B0     		sub	sp, sp, #36
 186              	.LCFI3:
 187              		.cfi_def_cfa_offset 40
 132:Src/stm32l4xx_hal_msp.c ****   GPIO_InitTypeDef GPIO_InitStruct = {0};
 188              		.loc 1 132 3 is_stmt 1 view .LVU30
 189              		.loc 1 132 20 is_stmt 0 view .LVU31
 190 0004 0023     		movs	r3, #0
 191 0006 0393     		str	r3, [sp, #12]
 192 0008 0493     		str	r3, [sp, #16]
 193 000a 0593     		str	r3, [sp, #20]
 194 000c 0693     		str	r3, [sp, #24]
 195 000e 0793     		str	r3, [sp, #28]
 133:Src/stm32l4xx_hal_msp.c ****   if(hspi->Instance==SPI1)
 196              		.loc 1 133 3 is_stmt 1 view .LVU32
 197              		.loc 1 133 10 is_stmt 0 view .LVU33
 198 0010 0268     		ldr	r2, [r0]
 199              		.loc 1 133 5 view .LVU34
 200 0012 144B     		ldr	r3, .L19
 201 0014 9A42     		cmp	r2, r3
 202 0016 02D0     		beq	.L18
 203              	.LVL3:
 204              	.L15:
 134:Src/stm32l4xx_hal_msp.c ****   {
 135:Src/stm32l4xx_hal_msp.c ****   /* USER CODE BEGIN SPI1_MspInit 0 */
 136:Src/stm32l4xx_hal_msp.c **** 
 137:Src/stm32l4xx_hal_msp.c ****   /* USER CODE END SPI1_MspInit 0 */
 138:Src/stm32l4xx_hal_msp.c ****     /* Peripheral clock enable */
 139:Src/stm32l4xx_hal_msp.c ****     __HAL_RCC_SPI1_CLK_ENABLE();
 140:Src/stm32l4xx_hal_msp.c **** 
 141:Src/stm32l4xx_hal_msp.c ****     __HAL_RCC_GPIOA_CLK_ENABLE();
 142:Src/stm32l4xx_hal_msp.c ****     /**SPI1 GPIO Configuration
 143:Src/stm32l4xx_hal_msp.c ****     PA5     ------> SPI1_SCK
ARM GAS  C:\Users\andywei\AppData\Local\Temp\ccJdH6Sh.s 			page 7


 144:Src/stm32l4xx_hal_msp.c ****     PA6     ------> SPI1_MISO
 145:Src/stm32l4xx_hal_msp.c ****     PA7     ------> SPI1_MOSI
 146:Src/stm32l4xx_hal_msp.c ****     */
 147:Src/stm32l4xx_hal_msp.c ****     GPIO_InitStruct.Pin = GPIO_PIN_5|GPIO_PIN_6|GPIO_PIN_7;
 148:Src/stm32l4xx_hal_msp.c ****     GPIO_InitStruct.Mode = GPIO_MODE_AF_PP;
 149:Src/stm32l4xx_hal_msp.c ****     GPIO_InitStruct.Pull = GPIO_NOPULL;
 150:Src/stm32l4xx_hal_msp.c ****     GPIO_InitStruct.Speed = GPIO_SPEED_FREQ_VERY_HIGH;
 151:Src/stm32l4xx_hal_msp.c ****     GPIO_InitStruct.Alternate = GPIO_AF5_SPI1;
 152:Src/stm32l4xx_hal_msp.c ****     HAL_GPIO_Init(GPIOA, &GPIO_InitStruct);
 153:Src/stm32l4xx_hal_msp.c **** 
 154:Src/stm32l4xx_hal_msp.c ****   /* USER CODE BEGIN SPI1_MspInit 1 */
 155:Src/stm32l4xx_hal_msp.c **** 
 156:Src/stm32l4xx_hal_msp.c ****   /* USER CODE END SPI1_MspInit 1 */
 157:Src/stm32l4xx_hal_msp.c ****   }
 158:Src/stm32l4xx_hal_msp.c **** 
 159:Src/stm32l4xx_hal_msp.c **** }
 205              		.loc 1 159 1 view .LVU35
 206 0018 09B0     		add	sp, sp, #36
 207              	.LCFI4:
 208              		.cfi_remember_state
 209              		.cfi_def_cfa_offset 4
 210              		@ sp needed
 211 001a 5DF804FB 		ldr	pc, [sp], #4
 212              	.LVL4:
 213              	.L18:
 214              	.LCFI5:
 215              		.cfi_restore_state
 139:Src/stm32l4xx_hal_msp.c **** 
 216              		.loc 1 139 5 is_stmt 1 view .LVU36
 217              	.LBB4:
 139:Src/stm32l4xx_hal_msp.c **** 
 218              		.loc 1 139 5 view .LVU37
 139:Src/stm32l4xx_hal_msp.c **** 
 219              		.loc 1 139 5 view .LVU38
 220 001e 03F56043 		add	r3, r3, #57344
 221 0022 1A6E     		ldr	r2, [r3, #96]
 222 0024 42F48052 		orr	r2, r2, #4096
 223 0028 1A66     		str	r2, [r3, #96]
 139:Src/stm32l4xx_hal_msp.c **** 
 224              		.loc 1 139 5 view .LVU39
 225 002a 1A6E     		ldr	r2, [r3, #96]
 226 002c 02F48052 		and	r2, r2, #4096
 227 0030 0192     		str	r2, [sp, #4]
 139:Src/stm32l4xx_hal_msp.c **** 
 228              		.loc 1 139 5 view .LVU40
 229 0032 019A     		ldr	r2, [sp, #4]
 230              	.LBE4:
 139:Src/stm32l4xx_hal_msp.c **** 
 231              		.loc 1 139 5 view .LVU41
 141:Src/stm32l4xx_hal_msp.c ****     /**SPI1 GPIO Configuration
 232              		.loc 1 141 5 view .LVU42
 233              	.LBB5:
 141:Src/stm32l4xx_hal_msp.c ****     /**SPI1 GPIO Configuration
 234              		.loc 1 141 5 view .LVU43
 141:Src/stm32l4xx_hal_msp.c ****     /**SPI1 GPIO Configuration
 235              		.loc 1 141 5 view .LVU44
 236 0034 DA6C     		ldr	r2, [r3, #76]
ARM GAS  C:\Users\andywei\AppData\Local\Temp\ccJdH6Sh.s 			page 8


 237 0036 42F00102 		orr	r2, r2, #1
 238 003a DA64     		str	r2, [r3, #76]
 141:Src/stm32l4xx_hal_msp.c ****     /**SPI1 GPIO Configuration
 239              		.loc 1 141 5 view .LVU45
 240 003c DB6C     		ldr	r3, [r3, #76]
 241 003e 03F00103 		and	r3, r3, #1
 242 0042 0293     		str	r3, [sp, #8]
 141:Src/stm32l4xx_hal_msp.c ****     /**SPI1 GPIO Configuration
 243              		.loc 1 141 5 view .LVU46
 244 0044 029B     		ldr	r3, [sp, #8]
 245              	.LBE5:
 141:Src/stm32l4xx_hal_msp.c ****     /**SPI1 GPIO Configuration
 246              		.loc 1 141 5 view .LVU47
 147:Src/stm32l4xx_hal_msp.c ****     GPIO_InitStruct.Mode = GPIO_MODE_AF_PP;
 247              		.loc 1 147 5 view .LVU48
 147:Src/stm32l4xx_hal_msp.c ****     GPIO_InitStruct.Mode = GPIO_MODE_AF_PP;
 248              		.loc 1 147 25 is_stmt 0 view .LVU49
 249 0046 E023     		movs	r3, #224
 250 0048 0393     		str	r3, [sp, #12]
 148:Src/stm32l4xx_hal_msp.c ****     GPIO_InitStruct.Pull = GPIO_NOPULL;
 251              		.loc 1 148 5 is_stmt 1 view .LVU50
 148:Src/stm32l4xx_hal_msp.c ****     GPIO_InitStruct.Pull = GPIO_NOPULL;
 252              		.loc 1 148 26 is_stmt 0 view .LVU51
 253 004a 0223     		movs	r3, #2
 254 004c 0493     		str	r3, [sp, #16]
 149:Src/stm32l4xx_hal_msp.c ****     GPIO_InitStruct.Speed = GPIO_SPEED_FREQ_VERY_HIGH;
 255              		.loc 1 149 5 is_stmt 1 view .LVU52
 150:Src/stm32l4xx_hal_msp.c ****     GPIO_InitStruct.Alternate = GPIO_AF5_SPI1;
 256              		.loc 1 150 5 view .LVU53
 150:Src/stm32l4xx_hal_msp.c ****     GPIO_InitStruct.Alternate = GPIO_AF5_SPI1;
 257              		.loc 1 150 27 is_stmt 0 view .LVU54
 258 004e 0323     		movs	r3, #3
 259 0050 0693     		str	r3, [sp, #24]
 151:Src/stm32l4xx_hal_msp.c ****     HAL_GPIO_Init(GPIOA, &GPIO_InitStruct);
 260              		.loc 1 151 5 is_stmt 1 view .LVU55
 151:Src/stm32l4xx_hal_msp.c ****     HAL_GPIO_Init(GPIOA, &GPIO_InitStruct);
 261              		.loc 1 151 31 is_stmt 0 view .LVU56
 262 0052 0523     		movs	r3, #5
 263 0054 0793     		str	r3, [sp, #28]
 152:Src/stm32l4xx_hal_msp.c **** 
 264              		.loc 1 152 5 is_stmt 1 view .LVU57
 265 0056 03A9     		add	r1, sp, #12
 266 0058 4FF09040 		mov	r0, #1207959552
 267              	.LVL5:
 152:Src/stm32l4xx_hal_msp.c **** 
 268              		.loc 1 152 5 is_stmt 0 view .LVU58
 269 005c FFF7FEFF 		bl	HAL_GPIO_Init
 270              	.LVL6:
 271              		.loc 1 159 1 view .LVU59
 272 0060 DAE7     		b	.L15
 273              	.L20:
 274 0062 00BF     		.align	2
 275              	.L19:
 276 0064 00300140 		.word	1073819648
 277              		.cfi_endproc
 278              	.LFE135:
 280              		.section	.text.HAL_SPI_MspDeInit,"ax",%progbits
ARM GAS  C:\Users\andywei\AppData\Local\Temp\ccJdH6Sh.s 			page 9


 281              		.align	1
 282              		.global	HAL_SPI_MspDeInit
 283              		.syntax unified
 284              		.thumb
 285              		.thumb_func
 286              		.fpu fpv4-sp-d16
 288              	HAL_SPI_MspDeInit:
 289              	.LVL7:
 290              	.LFB136:
 160:Src/stm32l4xx_hal_msp.c **** 
 161:Src/stm32l4xx_hal_msp.c **** /**
 162:Src/stm32l4xx_hal_msp.c **** * @brief SPI MSP De-Initialization
 163:Src/stm32l4xx_hal_msp.c **** * This function freeze the hardware resources used in this example
 164:Src/stm32l4xx_hal_msp.c **** * @param hspi: SPI handle pointer
 165:Src/stm32l4xx_hal_msp.c **** * @retval None
 166:Src/stm32l4xx_hal_msp.c **** */
 167:Src/stm32l4xx_hal_msp.c **** void HAL_SPI_MspDeInit(SPI_HandleTypeDef* hspi)
 168:Src/stm32l4xx_hal_msp.c **** {
 291              		.loc 1 168 1 is_stmt 1 view -0
 292              		.cfi_startproc
 293              		@ args = 0, pretend = 0, frame = 0
 294              		@ frame_needed = 0, uses_anonymous_args = 0
 295              		.loc 1 168 1 is_stmt 0 view .LVU61
 296 0000 08B5     		push	{r3, lr}
 297              	.LCFI6:
 298              		.cfi_def_cfa_offset 8
 299              		.cfi_offset 3, -8
 300              		.cfi_offset 14, -4
 169:Src/stm32l4xx_hal_msp.c ****   if(hspi->Instance==SPI1)
 301              		.loc 1 169 3 is_stmt 1 view .LVU62
 302              		.loc 1 169 10 is_stmt 0 view .LVU63
 303 0002 0268     		ldr	r2, [r0]
 304              		.loc 1 169 5 view .LVU64
 305 0004 074B     		ldr	r3, .L25
 306 0006 9A42     		cmp	r2, r3
 307 0008 00D0     		beq	.L24
 308              	.LVL8:
 309              	.L21:
 170:Src/stm32l4xx_hal_msp.c ****   {
 171:Src/stm32l4xx_hal_msp.c ****   /* USER CODE BEGIN SPI1_MspDeInit 0 */
 172:Src/stm32l4xx_hal_msp.c **** 
 173:Src/stm32l4xx_hal_msp.c ****   /* USER CODE END SPI1_MspDeInit 0 */
 174:Src/stm32l4xx_hal_msp.c ****     /* Peripheral clock disable */
 175:Src/stm32l4xx_hal_msp.c ****     __HAL_RCC_SPI1_CLK_DISABLE();
 176:Src/stm32l4xx_hal_msp.c **** 
 177:Src/stm32l4xx_hal_msp.c ****     /**SPI1 GPIO Configuration
 178:Src/stm32l4xx_hal_msp.c ****     PA5     ------> SPI1_SCK
 179:Src/stm32l4xx_hal_msp.c ****     PA6     ------> SPI1_MISO
 180:Src/stm32l4xx_hal_msp.c ****     PA7     ------> SPI1_MOSI
 181:Src/stm32l4xx_hal_msp.c ****     */
 182:Src/stm32l4xx_hal_msp.c ****     HAL_GPIO_DeInit(GPIOA, GPIO_PIN_5|GPIO_PIN_6|GPIO_PIN_7);
 183:Src/stm32l4xx_hal_msp.c **** 
 184:Src/stm32l4xx_hal_msp.c ****   /* USER CODE BEGIN SPI1_MspDeInit 1 */
 185:Src/stm32l4xx_hal_msp.c **** 
 186:Src/stm32l4xx_hal_msp.c ****   /* USER CODE END SPI1_MspDeInit 1 */
 187:Src/stm32l4xx_hal_msp.c ****   }
 188:Src/stm32l4xx_hal_msp.c **** 
ARM GAS  C:\Users\andywei\AppData\Local\Temp\ccJdH6Sh.s 			page 10


 189:Src/stm32l4xx_hal_msp.c **** }
 310              		.loc 1 189 1 view .LVU65
 311 000a 08BD     		pop	{r3, pc}
 312              	.LVL9:
 313              	.L24:
 175:Src/stm32l4xx_hal_msp.c **** 
 314              		.loc 1 175 5 is_stmt 1 view .LVU66
 315 000c 064A     		ldr	r2, .L25+4
 316 000e 136E     		ldr	r3, [r2, #96]
 317 0010 23F48053 		bic	r3, r3, #4096
 318 0014 1366     		str	r3, [r2, #96]
 182:Src/stm32l4xx_hal_msp.c **** 
 319              		.loc 1 182 5 view .LVU67
 320 0016 E021     		movs	r1, #224
 321 0018 4FF09040 		mov	r0, #1207959552
 322              	.LVL10:
 182:Src/stm32l4xx_hal_msp.c **** 
 323              		.loc 1 182 5 is_stmt 0 view .LVU68
 324 001c FFF7FEFF 		bl	HAL_GPIO_DeInit
 325              	.LVL11:
 326              		.loc 1 189 1 view .LVU69
 327 0020 F3E7     		b	.L21
 328              	.L26:
 329 0022 00BF     		.align	2
 330              	.L25:
 331 0024 00300140 		.word	1073819648
 332 0028 00100240 		.word	1073876992
 333              		.cfi_endproc
 334              	.LFE136:
 336              		.section	.text.HAL_UART_MspInit,"ax",%progbits
 337              		.align	1
 338              		.global	HAL_UART_MspInit
 339              		.syntax unified
 340              		.thumb
 341              		.thumb_func
 342              		.fpu fpv4-sp-d16
 344              	HAL_UART_MspInit:
 345              	.LVL12:
 346              	.LFB137:
 190:Src/stm32l4xx_hal_msp.c **** 
 191:Src/stm32l4xx_hal_msp.c **** /**
 192:Src/stm32l4xx_hal_msp.c **** * @brief UART MSP Initialization
 193:Src/stm32l4xx_hal_msp.c **** * This function configures the hardware resources used in this example
 194:Src/stm32l4xx_hal_msp.c **** * @param huart: UART handle pointer
 195:Src/stm32l4xx_hal_msp.c **** * @retval None
 196:Src/stm32l4xx_hal_msp.c **** */
 197:Src/stm32l4xx_hal_msp.c **** void HAL_UART_MspInit(UART_HandleTypeDef* huart)
 198:Src/stm32l4xx_hal_msp.c **** {
 347              		.loc 1 198 1 is_stmt 1 view -0
 348              		.cfi_startproc
 349              		@ args = 0, pretend = 0, frame = 32
 350              		@ frame_needed = 0, uses_anonymous_args = 0
 351              		.loc 1 198 1 is_stmt 0 view .LVU71
 352 0000 00B5     		push	{lr}
 353              	.LCFI7:
 354              		.cfi_def_cfa_offset 4
 355              		.cfi_offset 14, -4
ARM GAS  C:\Users\andywei\AppData\Local\Temp\ccJdH6Sh.s 			page 11


 356 0002 89B0     		sub	sp, sp, #36
 357              	.LCFI8:
 358              		.cfi_def_cfa_offset 40
 199:Src/stm32l4xx_hal_msp.c ****   GPIO_InitTypeDef GPIO_InitStruct = {0};
 359              		.loc 1 199 3 is_stmt 1 view .LVU72
 360              		.loc 1 199 20 is_stmt 0 view .LVU73
 361 0004 0023     		movs	r3, #0
 362 0006 0393     		str	r3, [sp, #12]
 363 0008 0493     		str	r3, [sp, #16]
 364 000a 0593     		str	r3, [sp, #20]
 365 000c 0693     		str	r3, [sp, #24]
 366 000e 0793     		str	r3, [sp, #28]
 200:Src/stm32l4xx_hal_msp.c ****   if(huart->Instance==USART2)
 367              		.loc 1 200 3 is_stmt 1 view .LVU74
 368              		.loc 1 200 11 is_stmt 0 view .LVU75
 369 0010 0268     		ldr	r2, [r0]
 370              		.loc 1 200 5 view .LVU76
 371 0012 144B     		ldr	r3, .L31
 372 0014 9A42     		cmp	r2, r3
 373 0016 02D0     		beq	.L30
 374              	.LVL13:
 375              	.L27:
 201:Src/stm32l4xx_hal_msp.c ****   {
 202:Src/stm32l4xx_hal_msp.c ****   /* USER CODE BEGIN USART2_MspInit 0 */
 203:Src/stm32l4xx_hal_msp.c **** 
 204:Src/stm32l4xx_hal_msp.c ****   /* USER CODE END USART2_MspInit 0 */
 205:Src/stm32l4xx_hal_msp.c ****     /* Peripheral clock enable */
 206:Src/stm32l4xx_hal_msp.c ****     __HAL_RCC_USART2_CLK_ENABLE();
 207:Src/stm32l4xx_hal_msp.c **** 
 208:Src/stm32l4xx_hal_msp.c ****     __HAL_RCC_GPIOA_CLK_ENABLE();
 209:Src/stm32l4xx_hal_msp.c ****     /**USART2 GPIO Configuration
 210:Src/stm32l4xx_hal_msp.c ****     PA2     ------> USART2_TX
 211:Src/stm32l4xx_hal_msp.c ****     PA3     ------> USART2_RX
 212:Src/stm32l4xx_hal_msp.c ****     */
 213:Src/stm32l4xx_hal_msp.c ****     GPIO_InitStruct.Pin = USART_TX_Pin|USART_RX_Pin;
 214:Src/stm32l4xx_hal_msp.c ****     GPIO_InitStruct.Mode = GPIO_MODE_AF_PP;
 215:Src/stm32l4xx_hal_msp.c ****     GPIO_InitStruct.Pull = GPIO_NOPULL;
 216:Src/stm32l4xx_hal_msp.c ****     GPIO_InitStruct.Speed = GPIO_SPEED_FREQ_VERY_HIGH;
 217:Src/stm32l4xx_hal_msp.c ****     GPIO_InitStruct.Alternate = GPIO_AF7_USART2;
 218:Src/stm32l4xx_hal_msp.c ****     HAL_GPIO_Init(GPIOA, &GPIO_InitStruct);
 219:Src/stm32l4xx_hal_msp.c **** 
 220:Src/stm32l4xx_hal_msp.c ****   /* USER CODE BEGIN USART2_MspInit 1 */
 221:Src/stm32l4xx_hal_msp.c **** 
 222:Src/stm32l4xx_hal_msp.c ****   /* USER CODE END USART2_MspInit 1 */
 223:Src/stm32l4xx_hal_msp.c ****   }
 224:Src/stm32l4xx_hal_msp.c **** 
 225:Src/stm32l4xx_hal_msp.c **** }
 376              		.loc 1 225 1 view .LVU77
 377 0018 09B0     		add	sp, sp, #36
 378              	.LCFI9:
 379              		.cfi_remember_state
 380              		.cfi_def_cfa_offset 4
 381              		@ sp needed
 382 001a 5DF804FB 		ldr	pc, [sp], #4
 383              	.LVL14:
 384              	.L30:
 385              	.LCFI10:
ARM GAS  C:\Users\andywei\AppData\Local\Temp\ccJdH6Sh.s 			page 12


 386              		.cfi_restore_state
 206:Src/stm32l4xx_hal_msp.c **** 
 387              		.loc 1 206 5 is_stmt 1 view .LVU78
 388              	.LBB6:
 206:Src/stm32l4xx_hal_msp.c **** 
 389              		.loc 1 206 5 view .LVU79
 206:Src/stm32l4xx_hal_msp.c **** 
 390              		.loc 1 206 5 view .LVU80
 391 001e 03F5E633 		add	r3, r3, #117760
 392 0022 9A6D     		ldr	r2, [r3, #88]
 393 0024 42F40032 		orr	r2, r2, #131072
 394 0028 9A65     		str	r2, [r3, #88]
 206:Src/stm32l4xx_hal_msp.c **** 
 395              		.loc 1 206 5 view .LVU81
 396 002a 9A6D     		ldr	r2, [r3, #88]
 397 002c 02F40032 		and	r2, r2, #131072
 398 0030 0192     		str	r2, [sp, #4]
 206:Src/stm32l4xx_hal_msp.c **** 
 399              		.loc 1 206 5 view .LVU82
 400 0032 019A     		ldr	r2, [sp, #4]
 401              	.LBE6:
 206:Src/stm32l4xx_hal_msp.c **** 
 402              		.loc 1 206 5 view .LVU83
 208:Src/stm32l4xx_hal_msp.c ****     /**USART2 GPIO Configuration
 403              		.loc 1 208 5 view .LVU84
 404              	.LBB7:
 208:Src/stm32l4xx_hal_msp.c ****     /**USART2 GPIO Configuration
 405              		.loc 1 208 5 view .LVU85
 208:Src/stm32l4xx_hal_msp.c ****     /**USART2 GPIO Configuration
 406              		.loc 1 208 5 view .LVU86
 407 0034 DA6C     		ldr	r2, [r3, #76]
 408 0036 42F00102 		orr	r2, r2, #1
 409 003a DA64     		str	r2, [r3, #76]
 208:Src/stm32l4xx_hal_msp.c ****     /**USART2 GPIO Configuration
 410              		.loc 1 208 5 view .LVU87
 411 003c DB6C     		ldr	r3, [r3, #76]
 412 003e 03F00103 		and	r3, r3, #1
 413 0042 0293     		str	r3, [sp, #8]
 208:Src/stm32l4xx_hal_msp.c ****     /**USART2 GPIO Configuration
 414              		.loc 1 208 5 view .LVU88
 415 0044 029B     		ldr	r3, [sp, #8]
 416              	.LBE7:
 208:Src/stm32l4xx_hal_msp.c ****     /**USART2 GPIO Configuration
 417              		.loc 1 208 5 view .LVU89
 213:Src/stm32l4xx_hal_msp.c ****     GPIO_InitStruct.Mode = GPIO_MODE_AF_PP;
 418              		.loc 1 213 5 view .LVU90
 213:Src/stm32l4xx_hal_msp.c ****     GPIO_InitStruct.Mode = GPIO_MODE_AF_PP;
 419              		.loc 1 213 25 is_stmt 0 view .LVU91
 420 0046 0C23     		movs	r3, #12
 421 0048 0393     		str	r3, [sp, #12]
 214:Src/stm32l4xx_hal_msp.c ****     GPIO_InitStruct.Pull = GPIO_NOPULL;
 422              		.loc 1 214 5 is_stmt 1 view .LVU92
 214:Src/stm32l4xx_hal_msp.c ****     GPIO_InitStruct.Pull = GPIO_NOPULL;
 423              		.loc 1 214 26 is_stmt 0 view .LVU93
 424 004a 0223     		movs	r3, #2
 425 004c 0493     		str	r3, [sp, #16]
 215:Src/stm32l4xx_hal_msp.c ****     GPIO_InitStruct.Speed = GPIO_SPEED_FREQ_VERY_HIGH;
ARM GAS  C:\Users\andywei\AppData\Local\Temp\ccJdH6Sh.s 			page 13


 426              		.loc 1 215 5 is_stmt 1 view .LVU94
 216:Src/stm32l4xx_hal_msp.c ****     GPIO_InitStruct.Alternate = GPIO_AF7_USART2;
 427              		.loc 1 216 5 view .LVU95
 216:Src/stm32l4xx_hal_msp.c ****     GPIO_InitStruct.Alternate = GPIO_AF7_USART2;
 428              		.loc 1 216 27 is_stmt 0 view .LVU96
 429 004e 0323     		movs	r3, #3
 430 0050 0693     		str	r3, [sp, #24]
 217:Src/stm32l4xx_hal_msp.c ****     HAL_GPIO_Init(GPIOA, &GPIO_InitStruct);
 431              		.loc 1 217 5 is_stmt 1 view .LVU97
 217:Src/stm32l4xx_hal_msp.c ****     HAL_GPIO_Init(GPIOA, &GPIO_InitStruct);
 432              		.loc 1 217 31 is_stmt 0 view .LVU98
 433 0052 0723     		movs	r3, #7
 434 0054 0793     		str	r3, [sp, #28]
 218:Src/stm32l4xx_hal_msp.c **** 
 435              		.loc 1 218 5 is_stmt 1 view .LVU99
 436 0056 03A9     		add	r1, sp, #12
 437 0058 4FF09040 		mov	r0, #1207959552
 438              	.LVL15:
 218:Src/stm32l4xx_hal_msp.c **** 
 439              		.loc 1 218 5 is_stmt 0 view .LVU100
 440 005c FFF7FEFF 		bl	HAL_GPIO_Init
 441              	.LVL16:
 442              		.loc 1 225 1 view .LVU101
 443 0060 DAE7     		b	.L27
 444              	.L32:
 445 0062 00BF     		.align	2
 446              	.L31:
 447 0064 00440040 		.word	1073759232
 448              		.cfi_endproc
 449              	.LFE137:
 451              		.section	.text.HAL_UART_MspDeInit,"ax",%progbits
 452              		.align	1
 453              		.global	HAL_UART_MspDeInit
 454              		.syntax unified
 455              		.thumb
 456              		.thumb_func
 457              		.fpu fpv4-sp-d16
 459              	HAL_UART_MspDeInit:
 460              	.LVL17:
 461              	.LFB138:
 226:Src/stm32l4xx_hal_msp.c **** 
 227:Src/stm32l4xx_hal_msp.c **** /**
 228:Src/stm32l4xx_hal_msp.c **** * @brief UART MSP De-Initialization
 229:Src/stm32l4xx_hal_msp.c **** * This function freeze the hardware resources used in this example
 230:Src/stm32l4xx_hal_msp.c **** * @param huart: UART handle pointer
 231:Src/stm32l4xx_hal_msp.c **** * @retval None
 232:Src/stm32l4xx_hal_msp.c **** */
 233:Src/stm32l4xx_hal_msp.c **** void HAL_UART_MspDeInit(UART_HandleTypeDef* huart)
 234:Src/stm32l4xx_hal_msp.c **** {
 462              		.loc 1 234 1 is_stmt 1 view -0
 463              		.cfi_startproc
 464              		@ args = 0, pretend = 0, frame = 0
 465              		@ frame_needed = 0, uses_anonymous_args = 0
 466              		.loc 1 234 1 is_stmt 0 view .LVU103
 467 0000 08B5     		push	{r3, lr}
 468              	.LCFI11:
 469              		.cfi_def_cfa_offset 8
ARM GAS  C:\Users\andywei\AppData\Local\Temp\ccJdH6Sh.s 			page 14


 470              		.cfi_offset 3, -8
 471              		.cfi_offset 14, -4
 235:Src/stm32l4xx_hal_msp.c ****   if(huart->Instance==USART2)
 472              		.loc 1 235 3 is_stmt 1 view .LVU104
 473              		.loc 1 235 11 is_stmt 0 view .LVU105
 474 0002 0268     		ldr	r2, [r0]
 475              		.loc 1 235 5 view .LVU106
 476 0004 074B     		ldr	r3, .L37
 477 0006 9A42     		cmp	r2, r3
 478 0008 00D0     		beq	.L36
 479              	.LVL18:
 480              	.L33:
 236:Src/stm32l4xx_hal_msp.c ****   {
 237:Src/stm32l4xx_hal_msp.c ****   /* USER CODE BEGIN USART2_MspDeInit 0 */
 238:Src/stm32l4xx_hal_msp.c **** 
 239:Src/stm32l4xx_hal_msp.c ****   /* USER CODE END USART2_MspDeInit 0 */
 240:Src/stm32l4xx_hal_msp.c ****     /* Peripheral clock disable */
 241:Src/stm32l4xx_hal_msp.c ****     __HAL_RCC_USART2_CLK_DISABLE();
 242:Src/stm32l4xx_hal_msp.c **** 
 243:Src/stm32l4xx_hal_msp.c ****     /**USART2 GPIO Configuration
 244:Src/stm32l4xx_hal_msp.c ****     PA2     ------> USART2_TX
 245:Src/stm32l4xx_hal_msp.c ****     PA3     ------> USART2_RX
 246:Src/stm32l4xx_hal_msp.c ****     */
 247:Src/stm32l4xx_hal_msp.c ****     HAL_GPIO_DeInit(GPIOA, USART_TX_Pin|USART_RX_Pin);
 248:Src/stm32l4xx_hal_msp.c **** 
 249:Src/stm32l4xx_hal_msp.c ****   /* USER CODE BEGIN USART2_MspDeInit 1 */
 250:Src/stm32l4xx_hal_msp.c **** 
 251:Src/stm32l4xx_hal_msp.c ****   /* USER CODE END USART2_MspDeInit 1 */
 252:Src/stm32l4xx_hal_msp.c ****   }
 253:Src/stm32l4xx_hal_msp.c **** 
 254:Src/stm32l4xx_hal_msp.c **** }
 481              		.loc 1 254 1 view .LVU107
 482 000a 08BD     		pop	{r3, pc}
 483              	.LVL19:
 484              	.L36:
 241:Src/stm32l4xx_hal_msp.c **** 
 485              		.loc 1 241 5 is_stmt 1 view .LVU108
 486 000c 064A     		ldr	r2, .L37+4
 487 000e 936D     		ldr	r3, [r2, #88]
 488 0010 23F40033 		bic	r3, r3, #131072
 489 0014 9365     		str	r3, [r2, #88]
 247:Src/stm32l4xx_hal_msp.c **** 
 490              		.loc 1 247 5 view .LVU109
 491 0016 0C21     		movs	r1, #12
 492 0018 4FF09040 		mov	r0, #1207959552
 493              	.LVL20:
 247:Src/stm32l4xx_hal_msp.c **** 
 494              		.loc 1 247 5 is_stmt 0 view .LVU110
 495 001c FFF7FEFF 		bl	HAL_GPIO_DeInit
 496              	.LVL21:
 497              		.loc 1 254 1 view .LVU111
 498 0020 F3E7     		b	.L33
 499              	.L38:
 500 0022 00BF     		.align	2
 501              	.L37:
 502 0024 00440040 		.word	1073759232
 503 0028 00100240 		.word	1073876992
ARM GAS  C:\Users\andywei\AppData\Local\Temp\ccJdH6Sh.s 			page 15


 504              		.cfi_endproc
 505              	.LFE138:
 507              		.text
 508              	.Letext0:
 509              		.file 2 "c:\\program files (x86)\\gnu arm embedded toolchain\\10 2020-q4-major\\arm-none-eabi\\inc
 510              		.file 3 "c:\\program files (x86)\\gnu arm embedded toolchain\\10 2020-q4-major\\arm-none-eabi\\inc
 511              		.file 4 "Drivers/CMSIS/Device/ST/STM32L4xx/Include/stm32l476xx.h"
 512              		.file 5 "Drivers/STM32L4xx_HAL_Driver/Inc/stm32l4xx_hal_def.h"
 513              		.file 6 "Drivers/STM32L4xx_HAL_Driver/Inc/stm32l4xx_hal_gpio.h"
 514              		.file 7 "Drivers/STM32L4xx_HAL_Driver/Inc/stm32l4xx_hal_dma.h"
 515              		.file 8 "Drivers/STM32L4xx_HAL_Driver/Inc/stm32l4xx_hal_rtc.h"
 516              		.file 9 "Drivers/STM32L4xx_HAL_Driver/Inc/stm32l4xx_hal_spi.h"
 517              		.file 10 "Drivers/STM32L4xx_HAL_Driver/Inc/stm32l4xx_hal_uart.h"
ARM GAS  C:\Users\andywei\AppData\Local\Temp\ccJdH6Sh.s 			page 16


DEFINED SYMBOLS
                            *ABS*:00000000 stm32l4xx_hal_msp.c
C:\Users\andywei\AppData\Local\Temp\ccJdH6Sh.s:18     .text.HAL_MspInit:00000000 $t
C:\Users\andywei\AppData\Local\Temp\ccJdH6Sh.s:26     .text.HAL_MspInit:00000000 HAL_MspInit
C:\Users\andywei\AppData\Local\Temp\ccJdH6Sh.s:77     .text.HAL_MspInit:0000002c $d
C:\Users\andywei\AppData\Local\Temp\ccJdH6Sh.s:82     .text.HAL_RTC_MspInit:00000000 $t
C:\Users\andywei\AppData\Local\Temp\ccJdH6Sh.s:89     .text.HAL_RTC_MspInit:00000000 HAL_RTC_MspInit
C:\Users\andywei\AppData\Local\Temp\ccJdH6Sh.s:118    .text.HAL_RTC_MspInit:0000001c $d
C:\Users\andywei\AppData\Local\Temp\ccJdH6Sh.s:124    .text.HAL_RTC_MspDeInit:00000000 $t
C:\Users\andywei\AppData\Local\Temp\ccJdH6Sh.s:131    .text.HAL_RTC_MspDeInit:00000000 HAL_RTC_MspDeInit
C:\Users\andywei\AppData\Local\Temp\ccJdH6Sh.s:160    .text.HAL_RTC_MspDeInit:0000001c $d
C:\Users\andywei\AppData\Local\Temp\ccJdH6Sh.s:166    .text.HAL_SPI_MspInit:00000000 $t
C:\Users\andywei\AppData\Local\Temp\ccJdH6Sh.s:173    .text.HAL_SPI_MspInit:00000000 HAL_SPI_MspInit
C:\Users\andywei\AppData\Local\Temp\ccJdH6Sh.s:276    .text.HAL_SPI_MspInit:00000064 $d
C:\Users\andywei\AppData\Local\Temp\ccJdH6Sh.s:281    .text.HAL_SPI_MspDeInit:00000000 $t
C:\Users\andywei\AppData\Local\Temp\ccJdH6Sh.s:288    .text.HAL_SPI_MspDeInit:00000000 HAL_SPI_MspDeInit
C:\Users\andywei\AppData\Local\Temp\ccJdH6Sh.s:331    .text.HAL_SPI_MspDeInit:00000024 $d
C:\Users\andywei\AppData\Local\Temp\ccJdH6Sh.s:337    .text.HAL_UART_MspInit:00000000 $t
C:\Users\andywei\AppData\Local\Temp\ccJdH6Sh.s:344    .text.HAL_UART_MspInit:00000000 HAL_UART_MspInit
C:\Users\andywei\AppData\Local\Temp\ccJdH6Sh.s:447    .text.HAL_UART_MspInit:00000064 $d
C:\Users\andywei\AppData\Local\Temp\ccJdH6Sh.s:452    .text.HAL_UART_MspDeInit:00000000 $t
C:\Users\andywei\AppData\Local\Temp\ccJdH6Sh.s:459    .text.HAL_UART_MspDeInit:00000000 HAL_UART_MspDeInit
C:\Users\andywei\AppData\Local\Temp\ccJdH6Sh.s:502    .text.HAL_UART_MspDeInit:00000024 $d

UNDEFINED SYMBOLS
HAL_GPIO_Init
HAL_GPIO_DeInit
