ARM GAS  C:\Users\andywei\AppData\Local\Temp\ccsB7xoZ.s 			page 1


   1              		.cpu cortex-m4
   2              		.eabi_attribute 27, 1
   3              		.eabi_attribute 28, 1
   4              		.eabi_attribute 20, 1
   5              		.eabi_attribute 21, 1
   6              		.eabi_attribute 23, 3
   7              		.eabi_attribute 24, 1
   8              		.eabi_attribute 25, 1
   9              		.eabi_attribute 26, 1
  10              		.eabi_attribute 30, 1
  11              		.eabi_attribute 34, 1
  12              		.eabi_attribute 18, 4
  13              		.file	"system_stm32l4xx.c"
  14              		.text
  15              	.Ltext0:
  16              		.cfi_sections	.debug_frame
  17              		.section	.text.SystemInit,"ax",%progbits
  18              		.align	1
  19              		.global	SystemInit
  20              		.arch armv7e-m
  21              		.syntax unified
  22              		.thumb
  23              		.thumb_func
  24              		.fpu fpv4-sp-d16
  26              	SystemInit:
  27              	.LFB132:
  28              		.file 1 "Src/system_stm32l4xx.c"
   1:Src/system_stm32l4xx.c **** /**
   2:Src/system_stm32l4xx.c ****   ******************************************************************************
   3:Src/system_stm32l4xx.c ****   * @file    system_stm32l4xx.c
   4:Src/system_stm32l4xx.c ****   * @author  MCD Application Team
   5:Src/system_stm32l4xx.c ****   * @brief   CMSIS Cortex-M4 Device Peripheral Access Layer System Source File
   6:Src/system_stm32l4xx.c ****   *
   7:Src/system_stm32l4xx.c ****   *   This file provides two functions and one global variable to be called from
   8:Src/system_stm32l4xx.c ****   *   user application:
   9:Src/system_stm32l4xx.c ****   *      - SystemInit(): This function is called at startup just after reset and
  10:Src/system_stm32l4xx.c ****   *                      before branch to main program. This call is made inside
  11:Src/system_stm32l4xx.c ****   *                      the "startup_stm32l4xx.s" file.
  12:Src/system_stm32l4xx.c ****   *
  13:Src/system_stm32l4xx.c ****   *      - SystemCoreClock variable: Contains the core clock (HCLK), it can be used
  14:Src/system_stm32l4xx.c ****   *                                  by the user application to setup the SysTick
  15:Src/system_stm32l4xx.c ****   *                                  timer or configure other parameters.
  16:Src/system_stm32l4xx.c ****   *
  17:Src/system_stm32l4xx.c ****   *      - SystemCoreClockUpdate(): Updates the variable SystemCoreClock and must
  18:Src/system_stm32l4xx.c ****   *                                 be called whenever the core clock is changed
  19:Src/system_stm32l4xx.c ****   *                                 during program execution.
  20:Src/system_stm32l4xx.c ****   *
  21:Src/system_stm32l4xx.c ****   *   After each device reset the MSI (4 MHz) is used as system clock source.
  22:Src/system_stm32l4xx.c ****   *   Then SystemInit() function is called, in "startup_stm32l4xx.s" file, to
  23:Src/system_stm32l4xx.c ****   *   configure the system clock before to branch to main program.
  24:Src/system_stm32l4xx.c ****   *
  25:Src/system_stm32l4xx.c ****   *   This file configures the system clock as follows:
  26:Src/system_stm32l4xx.c ****   *=============================================================================
  27:Src/system_stm32l4xx.c ****   *-----------------------------------------------------------------------------
  28:Src/system_stm32l4xx.c ****   *        System Clock source                    | MSI
  29:Src/system_stm32l4xx.c ****   *-----------------------------------------------------------------------------
  30:Src/system_stm32l4xx.c ****   *        SYSCLK(Hz)                             | 4000000
ARM GAS  C:\Users\andywei\AppData\Local\Temp\ccsB7xoZ.s 			page 2


  31:Src/system_stm32l4xx.c ****   *-----------------------------------------------------------------------------
  32:Src/system_stm32l4xx.c ****   *        HCLK(Hz)                               | 4000000
  33:Src/system_stm32l4xx.c ****   *-----------------------------------------------------------------------------
  34:Src/system_stm32l4xx.c ****   *        AHB Prescaler                          | 1
  35:Src/system_stm32l4xx.c ****   *-----------------------------------------------------------------------------
  36:Src/system_stm32l4xx.c ****   *        APB1 Prescaler                         | 1
  37:Src/system_stm32l4xx.c ****   *-----------------------------------------------------------------------------
  38:Src/system_stm32l4xx.c ****   *        APB2 Prescaler                         | 1
  39:Src/system_stm32l4xx.c ****   *-----------------------------------------------------------------------------
  40:Src/system_stm32l4xx.c ****   *        PLL_M                                  | 1
  41:Src/system_stm32l4xx.c ****   *-----------------------------------------------------------------------------
  42:Src/system_stm32l4xx.c ****   *        PLL_N                                  | 8
  43:Src/system_stm32l4xx.c ****   *-----------------------------------------------------------------------------
  44:Src/system_stm32l4xx.c ****   *        PLL_P                                  | 7
  45:Src/system_stm32l4xx.c ****   *-----------------------------------------------------------------------------
  46:Src/system_stm32l4xx.c ****   *        PLL_Q                                  | 2
  47:Src/system_stm32l4xx.c ****   *-----------------------------------------------------------------------------
  48:Src/system_stm32l4xx.c ****   *        PLL_R                                  | 2
  49:Src/system_stm32l4xx.c ****   *-----------------------------------------------------------------------------
  50:Src/system_stm32l4xx.c ****   *        PLLSAI1_P                              | NA
  51:Src/system_stm32l4xx.c ****   *-----------------------------------------------------------------------------
  52:Src/system_stm32l4xx.c ****   *        PLLSAI1_Q                              | NA
  53:Src/system_stm32l4xx.c ****   *-----------------------------------------------------------------------------
  54:Src/system_stm32l4xx.c ****   *        PLLSAI1_R                              | NA
  55:Src/system_stm32l4xx.c ****   *-----------------------------------------------------------------------------
  56:Src/system_stm32l4xx.c ****   *        PLLSAI2_P                              | NA
  57:Src/system_stm32l4xx.c ****   *-----------------------------------------------------------------------------
  58:Src/system_stm32l4xx.c ****   *        PLLSAI2_Q                              | NA
  59:Src/system_stm32l4xx.c ****   *-----------------------------------------------------------------------------
  60:Src/system_stm32l4xx.c ****   *        PLLSAI2_R                              | NA
  61:Src/system_stm32l4xx.c ****   *-----------------------------------------------------------------------------
  62:Src/system_stm32l4xx.c ****   *        Require 48MHz for USB OTG FS,          | Disabled
  63:Src/system_stm32l4xx.c ****   *        SDIO and RNG clock                     |
  64:Src/system_stm32l4xx.c ****   *-----------------------------------------------------------------------------
  65:Src/system_stm32l4xx.c ****   *=============================================================================
  66:Src/system_stm32l4xx.c ****   ******************************************************************************
  67:Src/system_stm32l4xx.c ****   * @attention
  68:Src/system_stm32l4xx.c ****   *
  69:Src/system_stm32l4xx.c ****   * <h2><center>&copy; Copyright (c) 2017 STMicroelectronics.
  70:Src/system_stm32l4xx.c ****   * All rights reserved.</center></h2>
  71:Src/system_stm32l4xx.c ****   *
  72:Src/system_stm32l4xx.c ****   * This software component is licensed by ST under Apache License, Version 2.0,
  73:Src/system_stm32l4xx.c ****   * the "License"; You may not use this file except in compliance with the
  74:Src/system_stm32l4xx.c ****   * License. You may obtain a copy of the License at:
  75:Src/system_stm32l4xx.c ****   *                        opensource.org/licenses/Apache-2.0
  76:Src/system_stm32l4xx.c ****   *
  77:Src/system_stm32l4xx.c ****   ******************************************************************************
  78:Src/system_stm32l4xx.c ****   */
  79:Src/system_stm32l4xx.c **** 
  80:Src/system_stm32l4xx.c **** /** @addtogroup CMSIS
  81:Src/system_stm32l4xx.c ****   * @{
  82:Src/system_stm32l4xx.c ****   */
  83:Src/system_stm32l4xx.c **** 
  84:Src/system_stm32l4xx.c **** /** @addtogroup stm32l4xx_system
  85:Src/system_stm32l4xx.c ****   * @{
  86:Src/system_stm32l4xx.c ****   */
  87:Src/system_stm32l4xx.c **** 
ARM GAS  C:\Users\andywei\AppData\Local\Temp\ccsB7xoZ.s 			page 3


  88:Src/system_stm32l4xx.c **** /** @addtogroup STM32L4xx_System_Private_Includes
  89:Src/system_stm32l4xx.c ****   * @{
  90:Src/system_stm32l4xx.c ****   */
  91:Src/system_stm32l4xx.c **** 
  92:Src/system_stm32l4xx.c **** #include "stm32l4xx.h"
  93:Src/system_stm32l4xx.c **** 
  94:Src/system_stm32l4xx.c **** /**
  95:Src/system_stm32l4xx.c ****   * @}
  96:Src/system_stm32l4xx.c ****   */
  97:Src/system_stm32l4xx.c **** 
  98:Src/system_stm32l4xx.c **** /** @addtogroup STM32L4xx_System_Private_TypesDefinitions
  99:Src/system_stm32l4xx.c ****   * @{
 100:Src/system_stm32l4xx.c ****   */
 101:Src/system_stm32l4xx.c **** 
 102:Src/system_stm32l4xx.c **** /**
 103:Src/system_stm32l4xx.c ****   * @}
 104:Src/system_stm32l4xx.c ****   */
 105:Src/system_stm32l4xx.c **** 
 106:Src/system_stm32l4xx.c **** /** @addtogroup STM32L4xx_System_Private_Defines
 107:Src/system_stm32l4xx.c ****   * @{
 108:Src/system_stm32l4xx.c ****   */
 109:Src/system_stm32l4xx.c **** 
 110:Src/system_stm32l4xx.c **** #if !defined  (HSE_VALUE)
 111:Src/system_stm32l4xx.c ****   #define HSE_VALUE    8000000U  /*!< Value of the External oscillator in Hz */
 112:Src/system_stm32l4xx.c **** #endif /* HSE_VALUE */
 113:Src/system_stm32l4xx.c **** 
 114:Src/system_stm32l4xx.c **** #if !defined  (MSI_VALUE)
 115:Src/system_stm32l4xx.c ****   #define MSI_VALUE    4000000U  /*!< Value of the Internal oscillator in Hz*/
 116:Src/system_stm32l4xx.c **** #endif /* MSI_VALUE */
 117:Src/system_stm32l4xx.c **** 
 118:Src/system_stm32l4xx.c **** #if !defined  (HSI_VALUE)
 119:Src/system_stm32l4xx.c ****   #define HSI_VALUE    16000000U /*!< Value of the Internal oscillator in Hz*/
 120:Src/system_stm32l4xx.c **** #endif /* HSI_VALUE */
 121:Src/system_stm32l4xx.c **** 
 122:Src/system_stm32l4xx.c **** /* Note: Following vector table addresses must be defined in line with linker
 123:Src/system_stm32l4xx.c ****          configuration. */
 124:Src/system_stm32l4xx.c **** /*!< Uncomment the following line if you need to relocate the vector table
 125:Src/system_stm32l4xx.c ****      anywhere in Flash or Sram, else the vector table is kept at the automatic
 126:Src/system_stm32l4xx.c ****      remap of boot address selected */
 127:Src/system_stm32l4xx.c **** /* #define USER_VECT_TAB_ADDRESS */
 128:Src/system_stm32l4xx.c **** 
 129:Src/system_stm32l4xx.c **** #if defined(USER_VECT_TAB_ADDRESS)
 130:Src/system_stm32l4xx.c **** /*!< Uncomment the following line if you need to relocate your vector Table
 131:Src/system_stm32l4xx.c ****      in Sram else user remap will be done in Flash. */
 132:Src/system_stm32l4xx.c **** /* #define VECT_TAB_SRAM */
 133:Src/system_stm32l4xx.c **** 
 134:Src/system_stm32l4xx.c **** #if defined(VECT_TAB_SRAM)
 135:Src/system_stm32l4xx.c **** #define VECT_TAB_BASE_ADDRESS   SRAM1_BASE      /*!< Vector Table base address field.
 136:Src/system_stm32l4xx.c ****                                                      This value must be a multiple of 0x200. */
 137:Src/system_stm32l4xx.c **** #define VECT_TAB_OFFSET         0x00000000U     /*!< Vector Table base offset field.
 138:Src/system_stm32l4xx.c ****                                                      This value must be a multiple of 0x200. */
 139:Src/system_stm32l4xx.c **** #else
 140:Src/system_stm32l4xx.c **** #define VECT_TAB_BASE_ADDRESS   FLASH_BASE      /*!< Vector Table base address field.
 141:Src/system_stm32l4xx.c ****                                                      This value must be a multiple of 0x200. */
 142:Src/system_stm32l4xx.c **** #define VECT_TAB_OFFSET         0x00000000U     /*!< Vector Table base offset field.
 143:Src/system_stm32l4xx.c ****                                                      This value must be a multiple of 0x200. */
 144:Src/system_stm32l4xx.c **** #endif /* VECT_TAB_SRAM */
ARM GAS  C:\Users\andywei\AppData\Local\Temp\ccsB7xoZ.s 			page 4


 145:Src/system_stm32l4xx.c **** #endif /* USER_VECT_TAB_ADDRESS */
 146:Src/system_stm32l4xx.c **** 
 147:Src/system_stm32l4xx.c **** /******************************************************************************/
 148:Src/system_stm32l4xx.c **** /**
 149:Src/system_stm32l4xx.c ****   * @}
 150:Src/system_stm32l4xx.c ****   */
 151:Src/system_stm32l4xx.c **** 
 152:Src/system_stm32l4xx.c **** /** @addtogroup STM32L4xx_System_Private_Macros
 153:Src/system_stm32l4xx.c ****   * @{
 154:Src/system_stm32l4xx.c ****   */
 155:Src/system_stm32l4xx.c **** 
 156:Src/system_stm32l4xx.c **** /**
 157:Src/system_stm32l4xx.c ****   * @}
 158:Src/system_stm32l4xx.c ****   */
 159:Src/system_stm32l4xx.c **** 
 160:Src/system_stm32l4xx.c **** /** @addtogroup STM32L4xx_System_Private_Variables
 161:Src/system_stm32l4xx.c ****   * @{
 162:Src/system_stm32l4xx.c ****   */
 163:Src/system_stm32l4xx.c ****   /* The SystemCoreClock variable is updated in three ways:
 164:Src/system_stm32l4xx.c ****       1) by calling CMSIS function SystemCoreClockUpdate()
 165:Src/system_stm32l4xx.c ****       2) by calling HAL API function HAL_RCC_GetHCLKFreq()
 166:Src/system_stm32l4xx.c ****       3) each time HAL_RCC_ClockConfig() is called to configure the system clock frequency
 167:Src/system_stm32l4xx.c ****          Note: If you use this function to configure the system clock; then there
 168:Src/system_stm32l4xx.c ****                is no need to call the 2 first functions listed above, since SystemCoreClock
 169:Src/system_stm32l4xx.c ****                variable is updated automatically.
 170:Src/system_stm32l4xx.c ****   */
 171:Src/system_stm32l4xx.c ****   uint32_t SystemCoreClock = 4000000U;
 172:Src/system_stm32l4xx.c **** 
 173:Src/system_stm32l4xx.c ****   const uint8_t  AHBPrescTable[16] = {0U, 0U, 0U, 0U, 0U, 0U, 0U, 0U, 1U, 2U, 3U, 4U, 6U, 7U, 8U, 9
 174:Src/system_stm32l4xx.c ****   const uint8_t  APBPrescTable[8] =  {0U, 0U, 0U, 0U, 1U, 2U, 3U, 4U};
 175:Src/system_stm32l4xx.c ****   const uint32_t MSIRangeTable[12] = {100000U,   200000U,   400000U,   800000U,  1000000U,  2000000
 176:Src/system_stm32l4xx.c ****                                       4000000U, 8000000U, 16000000U, 24000000U, 32000000U, 48000000
 177:Src/system_stm32l4xx.c **** /**
 178:Src/system_stm32l4xx.c ****   * @}
 179:Src/system_stm32l4xx.c ****   */
 180:Src/system_stm32l4xx.c **** 
 181:Src/system_stm32l4xx.c **** /** @addtogroup STM32L4xx_System_Private_FunctionPrototypes
 182:Src/system_stm32l4xx.c ****   * @{
 183:Src/system_stm32l4xx.c ****   */
 184:Src/system_stm32l4xx.c **** 
 185:Src/system_stm32l4xx.c **** /**
 186:Src/system_stm32l4xx.c ****   * @}
 187:Src/system_stm32l4xx.c ****   */
 188:Src/system_stm32l4xx.c **** 
 189:Src/system_stm32l4xx.c **** /** @addtogroup STM32L4xx_System_Private_Functions
 190:Src/system_stm32l4xx.c ****   * @{
 191:Src/system_stm32l4xx.c ****   */
 192:Src/system_stm32l4xx.c **** 
 193:Src/system_stm32l4xx.c **** /**
 194:Src/system_stm32l4xx.c ****   * @brief  Setup the microcontroller system.
 195:Src/system_stm32l4xx.c ****   * @retval None
 196:Src/system_stm32l4xx.c ****   */
 197:Src/system_stm32l4xx.c **** 
 198:Src/system_stm32l4xx.c **** void SystemInit(void)
 199:Src/system_stm32l4xx.c **** {
  29              		.loc 1 199 1 view -0
  30              		.cfi_startproc
ARM GAS  C:\Users\andywei\AppData\Local\Temp\ccsB7xoZ.s 			page 5


  31              		@ args = 0, pretend = 0, frame = 0
  32              		@ frame_needed = 0, uses_anonymous_args = 0
  33              		@ link register save eliminated.
 200:Src/system_stm32l4xx.c **** #if defined(USER_VECT_TAB_ADDRESS)
 201:Src/system_stm32l4xx.c ****   /* Configure the Vector Table location -------------------------------------*/
 202:Src/system_stm32l4xx.c ****   SCB->VTOR = VECT_TAB_BASE_ADDRESS | VECT_TAB_OFFSET;
 203:Src/system_stm32l4xx.c **** #endif
 204:Src/system_stm32l4xx.c **** 
 205:Src/system_stm32l4xx.c ****   /* FPU settings ------------------------------------------------------------*/
 206:Src/system_stm32l4xx.c **** #if (__FPU_PRESENT == 1) && (__FPU_USED == 1)
 207:Src/system_stm32l4xx.c ****   SCB->CPACR |= ((3UL << 20U)|(3UL << 22U));  /* set CP10 and CP11 Full Access */
  34              		.loc 1 207 3 view .LVU1
  35              		.loc 1 207 14 is_stmt 0 view .LVU2
  36 0000 0E4A     		ldr	r2, .L2
  37 0002 D2F88830 		ldr	r3, [r2, #136]
  38 0006 43F47003 		orr	r3, r3, #15728640
  39 000a C2F88830 		str	r3, [r2, #136]
 208:Src/system_stm32l4xx.c **** #endif
 209:Src/system_stm32l4xx.c **** 
 210:Src/system_stm32l4xx.c ****   /* Reset the RCC clock configuration to the default reset state ------------*/
 211:Src/system_stm32l4xx.c ****   /* Set MSION bit */
 212:Src/system_stm32l4xx.c ****   RCC->CR |= RCC_CR_MSION;
  40              		.loc 1 212 3 is_stmt 1 view .LVU3
  41              		.loc 1 212 11 is_stmt 0 view .LVU4
  42 000e 0C4B     		ldr	r3, .L2+4
  43 0010 1A68     		ldr	r2, [r3]
  44 0012 42F00102 		orr	r2, r2, #1
  45 0016 1A60     		str	r2, [r3]
 213:Src/system_stm32l4xx.c **** 
 214:Src/system_stm32l4xx.c ****   /* Reset CFGR register */
 215:Src/system_stm32l4xx.c ****   RCC->CFGR = 0x00000000U;
  46              		.loc 1 215 3 is_stmt 1 view .LVU5
  47              		.loc 1 215 13 is_stmt 0 view .LVU6
  48 0018 0021     		movs	r1, #0
  49 001a 9960     		str	r1, [r3, #8]
 216:Src/system_stm32l4xx.c **** 
 217:Src/system_stm32l4xx.c ****   /* Reset HSEON, CSSON , HSION, and PLLON bits */
 218:Src/system_stm32l4xx.c ****   RCC->CR &= 0xEAF6FFFFU;
  50              		.loc 1 218 3 is_stmt 1 view .LVU7
  51              		.loc 1 218 11 is_stmt 0 view .LVU8
  52 001c 1A68     		ldr	r2, [r3]
  53 001e 22F0A852 		bic	r2, r2, #352321536
  54 0022 22F41022 		bic	r2, r2, #589824
  55 0026 1A60     		str	r2, [r3]
 219:Src/system_stm32l4xx.c **** 
 220:Src/system_stm32l4xx.c ****   /* Reset PLLCFGR register */
 221:Src/system_stm32l4xx.c ****   RCC->PLLCFGR = 0x00001000U;
  56              		.loc 1 221 3 is_stmt 1 view .LVU9
  57              		.loc 1 221 16 is_stmt 0 view .LVU10
  58 0028 4FF48052 		mov	r2, #4096
  59 002c DA60     		str	r2, [r3, #12]
 222:Src/system_stm32l4xx.c **** 
 223:Src/system_stm32l4xx.c ****   /* Reset HSEBYP bit */
 224:Src/system_stm32l4xx.c ****   RCC->CR &= 0xFFFBFFFFU;
  60              		.loc 1 224 3 is_stmt 1 view .LVU11
  61              		.loc 1 224 11 is_stmt 0 view .LVU12
  62 002e 1A68     		ldr	r2, [r3]
ARM GAS  C:\Users\andywei\AppData\Local\Temp\ccsB7xoZ.s 			page 6


  63 0030 22F48022 		bic	r2, r2, #262144
  64 0034 1A60     		str	r2, [r3]
 225:Src/system_stm32l4xx.c **** 
 226:Src/system_stm32l4xx.c ****   /* Disable all interrupts */
 227:Src/system_stm32l4xx.c ****   RCC->CIER = 0x00000000U;
  65              		.loc 1 227 3 is_stmt 1 view .LVU13
  66              		.loc 1 227 13 is_stmt 0 view .LVU14
  67 0036 9961     		str	r1, [r3, #24]
 228:Src/system_stm32l4xx.c **** }
  68              		.loc 1 228 1 view .LVU15
  69 0038 7047     		bx	lr
  70              	.L3:
  71 003a 00BF     		.align	2
  72              	.L2:
  73 003c 00ED00E0 		.word	-536810240
  74 0040 00100240 		.word	1073876992
  75              		.cfi_endproc
  76              	.LFE132:
  78              		.section	.text.SystemCoreClockUpdate,"ax",%progbits
  79              		.align	1
  80              		.global	SystemCoreClockUpdate
  81              		.syntax unified
  82              		.thumb
  83              		.thumb_func
  84              		.fpu fpv4-sp-d16
  86              	SystemCoreClockUpdate:
  87              	.LFB133:
 229:Src/system_stm32l4xx.c **** 
 230:Src/system_stm32l4xx.c **** /**
 231:Src/system_stm32l4xx.c ****   * @brief  Update SystemCoreClock variable according to Clock Register Values.
 232:Src/system_stm32l4xx.c ****   *         The SystemCoreClock variable contains the core clock (HCLK), it can
 233:Src/system_stm32l4xx.c ****   *         be used by the user application to setup the SysTick timer or configure
 234:Src/system_stm32l4xx.c ****   *         other parameters.
 235:Src/system_stm32l4xx.c ****   *
 236:Src/system_stm32l4xx.c ****   * @note   Each time the core clock (HCLK) changes, this function must be called
 237:Src/system_stm32l4xx.c ****   *         to update SystemCoreClock variable value. Otherwise, any configuration
 238:Src/system_stm32l4xx.c ****   *         based on this variable will be incorrect.
 239:Src/system_stm32l4xx.c ****   *
 240:Src/system_stm32l4xx.c ****   * @note   - The system frequency computed by this function is not the real
 241:Src/system_stm32l4xx.c ****   *           frequency in the chip. It is calculated based on the predefined
 242:Src/system_stm32l4xx.c ****   *           constant and the selected clock source:
 243:Src/system_stm32l4xx.c ****   *
 244:Src/system_stm32l4xx.c ****   *           - If SYSCLK source is MSI, SystemCoreClock will contain the MSI_VALUE(*)
 245:Src/system_stm32l4xx.c ****   *
 246:Src/system_stm32l4xx.c ****   *           - If SYSCLK source is HSI, SystemCoreClock will contain the HSI_VALUE(**)
 247:Src/system_stm32l4xx.c ****   *
 248:Src/system_stm32l4xx.c ****   *           - If SYSCLK source is HSE, SystemCoreClock will contain the HSE_VALUE(***)
 249:Src/system_stm32l4xx.c ****   *
 250:Src/system_stm32l4xx.c ****   *           - If SYSCLK source is PLL, SystemCoreClock will contain the HSE_VALUE(***)
 251:Src/system_stm32l4xx.c ****   *             or HSI_VALUE(*) or MSI_VALUE(*) multiplied/divided by the PLL factors.
 252:Src/system_stm32l4xx.c ****   *
 253:Src/system_stm32l4xx.c ****   *         (*) MSI_VALUE is a constant defined in stm32l4xx_hal.h file (default value
 254:Src/system_stm32l4xx.c ****   *             4 MHz) but the real value may vary depending on the variations
 255:Src/system_stm32l4xx.c ****   *             in voltage and temperature.
 256:Src/system_stm32l4xx.c ****   *
 257:Src/system_stm32l4xx.c ****   *         (**) HSI_VALUE is a constant defined in stm32l4xx_hal.h file (default value
 258:Src/system_stm32l4xx.c ****   *              16 MHz) but the real value may vary depending on the variations
ARM GAS  C:\Users\andywei\AppData\Local\Temp\ccsB7xoZ.s 			page 7


 259:Src/system_stm32l4xx.c ****   *              in voltage and temperature.
 260:Src/system_stm32l4xx.c ****   *
 261:Src/system_stm32l4xx.c ****   *         (***) HSE_VALUE is a constant defined in stm32l4xx_hal.h file (default value
 262:Src/system_stm32l4xx.c ****   *              8 MHz), user has to ensure that HSE_VALUE is same as the real
 263:Src/system_stm32l4xx.c ****   *              frequency of the crystal used. Otherwise, this function may
 264:Src/system_stm32l4xx.c ****   *              have wrong result.
 265:Src/system_stm32l4xx.c ****   *
 266:Src/system_stm32l4xx.c ****   *         - The result of this function could be not correct when using fractional
 267:Src/system_stm32l4xx.c ****   *           value for HSE crystal.
 268:Src/system_stm32l4xx.c ****   *
 269:Src/system_stm32l4xx.c ****   * @retval None
 270:Src/system_stm32l4xx.c ****   */
 271:Src/system_stm32l4xx.c **** void SystemCoreClockUpdate(void)
 272:Src/system_stm32l4xx.c **** {
  88              		.loc 1 272 1 is_stmt 1 view -0
  89              		.cfi_startproc
  90              		@ args = 0, pretend = 0, frame = 0
  91              		@ frame_needed = 0, uses_anonymous_args = 0
  92              		@ link register save eliminated.
 273:Src/system_stm32l4xx.c ****   uint32_t tmp, msirange, pllvco, pllsource, pllm, pllr;
  93              		.loc 1 273 3 view .LVU17
 274:Src/system_stm32l4xx.c **** 
 275:Src/system_stm32l4xx.c ****   /* Get MSI Range frequency--------------------------------------------------*/
 276:Src/system_stm32l4xx.c ****   if ((RCC->CR & RCC_CR_MSIRGSEL) == 0U)
  94              		.loc 1 276 3 view .LVU18
  95              		.loc 1 276 11 is_stmt 0 view .LVU19
  96 0000 2F4B     		ldr	r3, .L19
  97 0002 1B68     		ldr	r3, [r3]
  98              		.loc 1 276 6 view .LVU20
  99 0004 13F0080F 		tst	r3, #8
 100 0008 16D1     		bne	.L5
 277:Src/system_stm32l4xx.c ****   { /* MSISRANGE from RCC_CSR applies */
 278:Src/system_stm32l4xx.c ****     msirange = (RCC->CSR & RCC_CSR_MSISRANGE) >> 8U;
 101              		.loc 1 278 5 is_stmt 1 view .LVU21
 102              		.loc 1 278 20 is_stmt 0 view .LVU22
 103 000a 2D4B     		ldr	r3, .L19
 104 000c D3F89430 		ldr	r3, [r3, #148]
 105              		.loc 1 278 14 view .LVU23
 106 0010 C3F30323 		ubfx	r3, r3, #8, #4
 107              	.LVL0:
 108              	.L6:
 279:Src/system_stm32l4xx.c ****   }
 280:Src/system_stm32l4xx.c ****   else
 281:Src/system_stm32l4xx.c ****   { /* MSIRANGE from RCC_CR applies */
 282:Src/system_stm32l4xx.c ****     msirange = (RCC->CR & RCC_CR_MSIRANGE) >> 4U;
 283:Src/system_stm32l4xx.c ****   }
 284:Src/system_stm32l4xx.c ****   /*MSI frequency range in HZ*/
 285:Src/system_stm32l4xx.c ****   msirange = MSIRangeTable[msirange];
 109              		.loc 1 285 3 is_stmt 1 view .LVU24
 110              		.loc 1 285 12 is_stmt 0 view .LVU25
 111 0014 2B4A     		ldr	r2, .L19+4
 112 0016 52F82320 		ldr	r2, [r2, r3, lsl #2]
 113              	.LVL1:
 286:Src/system_stm32l4xx.c **** 
 287:Src/system_stm32l4xx.c ****   /* Get SYSCLK source -------------------------------------------------------*/
 288:Src/system_stm32l4xx.c ****   switch (RCC->CFGR & RCC_CFGR_SWS)
 114              		.loc 1 288 3 is_stmt 1 view .LVU26
ARM GAS  C:\Users\andywei\AppData\Local\Temp\ccsB7xoZ.s 			page 8


 115              		.loc 1 288 14 is_stmt 0 view .LVU27
 116 001a 294B     		ldr	r3, .L19
 117 001c 9B68     		ldr	r3, [r3, #8]
 118              		.loc 1 288 21 view .LVU28
 119 001e 03F00C03 		and	r3, r3, #12
 120 0022 0C2B     		cmp	r3, #12
 121 0024 48D8     		bhi	.L7
 122 0026 DFE803F0 		tbb	[pc, r3]
 123              	.L9:
 124 002a 0C       		.byte	(.L12-.L9)/2
 125 002b 47       		.byte	(.L7-.L9)/2
 126 002c 47       		.byte	(.L7-.L9)/2
 127 002d 47       		.byte	(.L7-.L9)/2
 128 002e 0F       		.byte	(.L11-.L9)/2
 129 002f 47       		.byte	(.L7-.L9)/2
 130 0030 47       		.byte	(.L7-.L9)/2
 131 0031 47       		.byte	(.L7-.L9)/2
 132 0032 13       		.byte	(.L10-.L9)/2
 133 0033 47       		.byte	(.L7-.L9)/2
 134 0034 47       		.byte	(.L7-.L9)/2
 135 0035 47       		.byte	(.L7-.L9)/2
 136 0036 17       		.byte	(.L8-.L9)/2
 137              	.LVL2:
 138 0037 00       		.p2align 1
 139              	.L5:
 282:Src/system_stm32l4xx.c ****   }
 140              		.loc 1 282 5 is_stmt 1 view .LVU29
 282:Src/system_stm32l4xx.c ****   }
 141              		.loc 1 282 20 is_stmt 0 view .LVU30
 142 0038 214B     		ldr	r3, .L19
 143 003a 1B68     		ldr	r3, [r3]
 282:Src/system_stm32l4xx.c ****   }
 144              		.loc 1 282 14 view .LVU31
 145 003c C3F30313 		ubfx	r3, r3, #4, #4
 146              	.LVL3:
 282:Src/system_stm32l4xx.c ****   }
 147              		.loc 1 282 14 view .LVU32
 148 0040 E8E7     		b	.L6
 149              	.LVL4:
 150              	.L12:
 289:Src/system_stm32l4xx.c ****   {
 290:Src/system_stm32l4xx.c ****     case 0x00:  /* MSI used as system clock source */
 291:Src/system_stm32l4xx.c ****       SystemCoreClock = msirange;
 151              		.loc 1 291 7 is_stmt 1 view .LVU33
 152              		.loc 1 291 23 is_stmt 0 view .LVU34
 153 0042 214B     		ldr	r3, .L19+8
 154 0044 1A60     		str	r2, [r3]
 292:Src/system_stm32l4xx.c ****       break;
 155              		.loc 1 292 7 is_stmt 1 view .LVU35
 156 0046 28E0     		b	.L13
 157              	.L11:
 293:Src/system_stm32l4xx.c **** 
 294:Src/system_stm32l4xx.c ****     case 0x04:  /* HSI used as system clock source */
 295:Src/system_stm32l4xx.c ****       SystemCoreClock = HSI_VALUE;
 158              		.loc 1 295 7 view .LVU36
 159              		.loc 1 295 23 is_stmt 0 view .LVU37
 160 0048 1F4B     		ldr	r3, .L19+8
ARM GAS  C:\Users\andywei\AppData\Local\Temp\ccsB7xoZ.s 			page 9


 161 004a 204A     		ldr	r2, .L19+12
 162              	.LVL5:
 163              		.loc 1 295 23 view .LVU38
 164 004c 1A60     		str	r2, [r3]
 296:Src/system_stm32l4xx.c ****       break;
 165              		.loc 1 296 7 is_stmt 1 view .LVU39
 166 004e 24E0     		b	.L13
 167              	.LVL6:
 168              	.L10:
 297:Src/system_stm32l4xx.c **** 
 298:Src/system_stm32l4xx.c ****     case 0x08:  /* HSE used as system clock source */
 299:Src/system_stm32l4xx.c ****       SystemCoreClock = HSE_VALUE;
 169              		.loc 1 299 7 view .LVU40
 170              		.loc 1 299 23 is_stmt 0 view .LVU41
 171 0050 1D4B     		ldr	r3, .L19+8
 172 0052 1F4A     		ldr	r2, .L19+16
 173              	.LVL7:
 174              		.loc 1 299 23 view .LVU42
 175 0054 1A60     		str	r2, [r3]
 300:Src/system_stm32l4xx.c ****       break;
 176              		.loc 1 300 7 is_stmt 1 view .LVU43
 177 0056 20E0     		b	.L13
 178              	.LVL8:
 179              	.L8:
 301:Src/system_stm32l4xx.c **** 
 302:Src/system_stm32l4xx.c ****     case 0x0C:  /* PLL used as system clock  source */
 303:Src/system_stm32l4xx.c ****       /* PLL_VCO = (HSE_VALUE or HSI_VALUE or MSI_VALUE/ PLLM) * PLLN
 304:Src/system_stm32l4xx.c ****          SYSCLK = PLL_VCO / PLLR
 305:Src/system_stm32l4xx.c ****          */
 306:Src/system_stm32l4xx.c ****       pllsource = (RCC->PLLCFGR & RCC_PLLCFGR_PLLSRC);
 180              		.loc 1 306 7 view .LVU44
 181              		.loc 1 306 23 is_stmt 0 view .LVU45
 182 0058 194B     		ldr	r3, .L19
 183 005a D968     		ldr	r1, [r3, #12]
 184              		.loc 1 306 17 view .LVU46
 185 005c 01F00301 		and	r1, r1, #3
 186              	.LVL9:
 307:Src/system_stm32l4xx.c ****       pllm = ((RCC->PLLCFGR & RCC_PLLCFGR_PLLM) >> 4U) + 1U ;
 187              		.loc 1 307 7 is_stmt 1 view .LVU47
 188              		.loc 1 307 19 is_stmt 0 view .LVU48
 189 0060 DB68     		ldr	r3, [r3, #12]
 190              		.loc 1 307 49 view .LVU49
 191 0062 C3F30213 		ubfx	r3, r3, #4, #3
 192              		.loc 1 307 12 view .LVU50
 193 0066 0133     		adds	r3, r3, #1
 194              	.LVL10:
 308:Src/system_stm32l4xx.c **** 
 309:Src/system_stm32l4xx.c ****       switch (pllsource)
 195              		.loc 1 309 7 is_stmt 1 view .LVU51
 196 0068 0229     		cmp	r1, #2
 197 006a 04D0     		beq	.L14
 198 006c 0329     		cmp	r1, #3
 199 006e 1FD0     		beq	.L15
 310:Src/system_stm32l4xx.c ****       {
 311:Src/system_stm32l4xx.c ****         case 0x02:  /* HSI used as PLL clock source */
 312:Src/system_stm32l4xx.c ****           pllvco = (HSI_VALUE / pllm);
 313:Src/system_stm32l4xx.c ****           break;
ARM GAS  C:\Users\andywei\AppData\Local\Temp\ccsB7xoZ.s 			page 10


 314:Src/system_stm32l4xx.c **** 
 315:Src/system_stm32l4xx.c ****         case 0x03:  /* HSE used as PLL clock source */
 316:Src/system_stm32l4xx.c ****           pllvco = (HSE_VALUE / pllm);
 317:Src/system_stm32l4xx.c ****           break;
 318:Src/system_stm32l4xx.c **** 
 319:Src/system_stm32l4xx.c ****         default:    /* MSI used as PLL clock source */
 320:Src/system_stm32l4xx.c ****           pllvco = (msirange / pllm);
 200              		.loc 1 320 11 view .LVU52
 201              		.loc 1 320 18 is_stmt 0 view .LVU53
 202 0070 B2FBF3F2 		udiv	r2, r2, r3
 203              	.LVL11:
 321:Src/system_stm32l4xx.c ****           break;
 204              		.loc 1 321 11 is_stmt 1 view .LVU54
 205 0074 02E0     		b	.L17
 206              	.LVL12:
 207              	.L14:
 312:Src/system_stm32l4xx.c ****           break;
 208              		.loc 1 312 11 view .LVU55
 312:Src/system_stm32l4xx.c ****           break;
 209              		.loc 1 312 18 is_stmt 0 view .LVU56
 210 0076 154A     		ldr	r2, .L19+12
 211              	.LVL13:
 312:Src/system_stm32l4xx.c ****           break;
 212              		.loc 1 312 18 view .LVU57
 213 0078 B2FBF3F2 		udiv	r2, r2, r3
 214              	.LVL14:
 313:Src/system_stm32l4xx.c **** 
 215              		.loc 1 313 11 is_stmt 1 view .LVU58
 216              	.L17:
 322:Src/system_stm32l4xx.c ****       }
 323:Src/system_stm32l4xx.c ****       pllvco = pllvco * ((RCC->PLLCFGR & RCC_PLLCFGR_PLLN) >> 8U);
 217              		.loc 1 323 7 view .LVU59
 218              		.loc 1 323 30 is_stmt 0 view .LVU60
 219 007c 1049     		ldr	r1, .L19
 220              	.LVL15:
 221              		.loc 1 323 30 view .LVU61
 222 007e CB68     		ldr	r3, [r1, #12]
 223              	.LVL16:
 224              		.loc 1 323 60 view .LVU62
 225 0080 C3F30623 		ubfx	r3, r3, #8, #7
 226              		.loc 1 323 14 view .LVU63
 227 0084 02FB03F3 		mul	r3, r2, r3
 228              	.LVL17:
 324:Src/system_stm32l4xx.c ****       pllr = (((RCC->PLLCFGR & RCC_PLLCFGR_PLLR) >> 25U) + 1U) * 2U;
 229              		.loc 1 324 7 is_stmt 1 view .LVU64
 230              		.loc 1 324 20 is_stmt 0 view .LVU65
 231 0088 CA68     		ldr	r2, [r1, #12]
 232              		.loc 1 324 50 view .LVU66
 233 008a C2F34162 		ubfx	r2, r2, #25, #2
 234              		.loc 1 324 58 view .LVU67
 235 008e 0132     		adds	r2, r2, #1
 236              		.loc 1 324 12 view .LVU68
 237 0090 5200     		lsls	r2, r2, #1
 238              	.LVL18:
 325:Src/system_stm32l4xx.c ****       SystemCoreClock = pllvco/pllr;
 239              		.loc 1 325 7 is_stmt 1 view .LVU69
 240              		.loc 1 325 31 is_stmt 0 view .LVU70
ARM GAS  C:\Users\andywei\AppData\Local\Temp\ccsB7xoZ.s 			page 11


 241 0092 B3FBF2F3 		udiv	r3, r3, r2
 242              	.LVL19:
 243              		.loc 1 325 23 view .LVU71
 244 0096 0C4A     		ldr	r2, .L19+8
 245              	.LVL20:
 246              		.loc 1 325 23 view .LVU72
 247 0098 1360     		str	r3, [r2]
 326:Src/system_stm32l4xx.c ****       break;
 248              		.loc 1 326 7 is_stmt 1 view .LVU73
 249              	.L13:
 327:Src/system_stm32l4xx.c **** 
 328:Src/system_stm32l4xx.c ****     default:
 329:Src/system_stm32l4xx.c ****       SystemCoreClock = msirange;
 330:Src/system_stm32l4xx.c ****       break;
 331:Src/system_stm32l4xx.c ****   }
 332:Src/system_stm32l4xx.c ****   /* Compute HCLK clock frequency --------------------------------------------*/
 333:Src/system_stm32l4xx.c ****   /* Get HCLK prescaler */
 334:Src/system_stm32l4xx.c ****   tmp = AHBPrescTable[((RCC->CFGR & RCC_CFGR_HPRE) >> 4U)];
 250              		.loc 1 334 3 view .LVU74
 251              		.loc 1 334 28 is_stmt 0 view .LVU75
 252 009a 094B     		ldr	r3, .L19
 253 009c 9B68     		ldr	r3, [r3, #8]
 254              		.loc 1 334 52 view .LVU76
 255 009e C3F30313 		ubfx	r3, r3, #4, #4
 256              		.loc 1 334 22 view .LVU77
 257 00a2 0C4A     		ldr	r2, .L19+20
 258 00a4 D15C     		ldrb	r1, [r2, r3]	@ zero_extendqisi2
 259              	.LVL21:
 335:Src/system_stm32l4xx.c ****   /* HCLK clock frequency */
 336:Src/system_stm32l4xx.c ****   SystemCoreClock >>= tmp;
 260              		.loc 1 336 3 is_stmt 1 view .LVU78
 261              		.loc 1 336 19 is_stmt 0 view .LVU79
 262 00a6 084A     		ldr	r2, .L19+8
 263 00a8 1368     		ldr	r3, [r2]
 264 00aa CB40     		lsrs	r3, r3, r1
 265 00ac 1360     		str	r3, [r2]
 337:Src/system_stm32l4xx.c **** }
 266              		.loc 1 337 1 view .LVU80
 267 00ae 7047     		bx	lr
 268              	.LVL22:
 269              	.L15:
 316:Src/system_stm32l4xx.c ****           break;
 270              		.loc 1 316 11 is_stmt 1 view .LVU81
 316:Src/system_stm32l4xx.c ****           break;
 271              		.loc 1 316 18 is_stmt 0 view .LVU82
 272 00b0 074A     		ldr	r2, .L19+16
 273              	.LVL23:
 316:Src/system_stm32l4xx.c ****           break;
 274              		.loc 1 316 18 view .LVU83
 275 00b2 B2FBF3F2 		udiv	r2, r2, r3
 276              	.LVL24:
 317:Src/system_stm32l4xx.c **** 
 277              		.loc 1 317 11 is_stmt 1 view .LVU84
 278 00b6 E1E7     		b	.L17
 279              	.LVL25:
 280              	.L7:
 329:Src/system_stm32l4xx.c ****       break;
ARM GAS  C:\Users\andywei\AppData\Local\Temp\ccsB7xoZ.s 			page 12


 281              		.loc 1 329 7 view .LVU85
 329:Src/system_stm32l4xx.c ****       break;
 282              		.loc 1 329 23 is_stmt 0 view .LVU86
 283 00b8 034B     		ldr	r3, .L19+8
 284 00ba 1A60     		str	r2, [r3]
 330:Src/system_stm32l4xx.c ****   }
 285              		.loc 1 330 7 is_stmt 1 view .LVU87
 286 00bc EDE7     		b	.L13
 287              	.L20:
 288 00be 00BF     		.align	2
 289              	.L19:
 290 00c0 00100240 		.word	1073876992
 291 00c4 00000000 		.word	.LANCHOR0
 292 00c8 00000000 		.word	.LANCHOR1
 293 00cc 0024F400 		.word	16000000
 294 00d0 00127A00 		.word	8000000
 295 00d4 00000000 		.word	.LANCHOR2
 296              		.cfi_endproc
 297              	.LFE133:
 299              		.global	MSIRangeTable
 300              		.global	APBPrescTable
 301              		.global	AHBPrescTable
 302              		.global	SystemCoreClock
 303              		.section	.data.SystemCoreClock,"aw"
 304              		.align	2
 305              		.set	.LANCHOR1,. + 0
 308              	SystemCoreClock:
 309 0000 00093D00 		.word	4000000
 310              		.section	.rodata.AHBPrescTable,"a"
 311              		.align	2
 312              		.set	.LANCHOR2,. + 0
 315              	AHBPrescTable:
 316 0000 00000000 		.ascii	"\000\000\000\000\000\000\000\000\001\002\003\004\006"
 316      00000000 
 316      01020304 
 316      06
 317 000d 070809   		.ascii	"\007\010\011"
 318              		.section	.rodata.APBPrescTable,"a"
 319              		.align	2
 322              	APBPrescTable:
 323 0000 00000000 		.ascii	"\000\000\000\000\001\002\003\004"
 323      01020304 
 324              		.section	.rodata.MSIRangeTable,"a"
 325              		.align	2
 326              		.set	.LANCHOR0,. + 0
 329              	MSIRangeTable:
 330 0000 A0860100 		.word	100000
 331 0004 400D0300 		.word	200000
 332 0008 801A0600 		.word	400000
 333 000c 00350C00 		.word	800000
 334 0010 40420F00 		.word	1000000
 335 0014 80841E00 		.word	2000000
 336 0018 00093D00 		.word	4000000
 337 001c 00127A00 		.word	8000000
 338 0020 0024F400 		.word	16000000
 339 0024 00366E01 		.word	24000000
 340 0028 0048E801 		.word	32000000
ARM GAS  C:\Users\andywei\AppData\Local\Temp\ccsB7xoZ.s 			page 13


 341 002c 006CDC02 		.word	48000000
 342              		.text
 343              	.Letext0:
 344              		.file 2 "c:\\gnu arm embedded toolchain\\10 2020-q4-major\\arm-none-eabi\\include\\machine\\_defau
 345              		.file 3 "c:\\gnu arm embedded toolchain\\10 2020-q4-major\\arm-none-eabi\\include\\sys\\_stdint.h"
 346              		.file 4 "Drivers/CMSIS/Include/core_cm4.h"
 347              		.file 5 "Drivers/CMSIS/Device/ST/STM32L4xx/Include/system_stm32l4xx.h"
 348              		.file 6 "Drivers/CMSIS/Device/ST/STM32L4xx/Include/stm32l476xx.h"
ARM GAS  C:\Users\andywei\AppData\Local\Temp\ccsB7xoZ.s 			page 14


DEFINED SYMBOLS
                            *ABS*:00000000 system_stm32l4xx.c
C:\Users\andywei\AppData\Local\Temp\ccsB7xoZ.s:18     .text.SystemInit:00000000 $t
C:\Users\andywei\AppData\Local\Temp\ccsB7xoZ.s:26     .text.SystemInit:00000000 SystemInit
C:\Users\andywei\AppData\Local\Temp\ccsB7xoZ.s:73     .text.SystemInit:0000003c $d
C:\Users\andywei\AppData\Local\Temp\ccsB7xoZ.s:79     .text.SystemCoreClockUpdate:00000000 $t
C:\Users\andywei\AppData\Local\Temp\ccsB7xoZ.s:86     .text.SystemCoreClockUpdate:00000000 SystemCoreClockUpdate
C:\Users\andywei\AppData\Local\Temp\ccsB7xoZ.s:124    .text.SystemCoreClockUpdate:0000002a $d
C:\Users\andywei\AppData\Local\Temp\ccsB7xoZ.s:290    .text.SystemCoreClockUpdate:000000c0 $d
C:\Users\andywei\AppData\Local\Temp\ccsB7xoZ.s:329    .rodata.MSIRangeTable:00000000 MSIRangeTable
C:\Users\andywei\AppData\Local\Temp\ccsB7xoZ.s:322    .rodata.APBPrescTable:00000000 APBPrescTable
C:\Users\andywei\AppData\Local\Temp\ccsB7xoZ.s:315    .rodata.AHBPrescTable:00000000 AHBPrescTable
C:\Users\andywei\AppData\Local\Temp\ccsB7xoZ.s:308    .data.SystemCoreClock:00000000 SystemCoreClock
C:\Users\andywei\AppData\Local\Temp\ccsB7xoZ.s:304    .data.SystemCoreClock:00000000 $d
C:\Users\andywei\AppData\Local\Temp\ccsB7xoZ.s:311    .rodata.AHBPrescTable:00000000 $d
C:\Users\andywei\AppData\Local\Temp\ccsB7xoZ.s:319    .rodata.APBPrescTable:00000000 $d
C:\Users\andywei\AppData\Local\Temp\ccsB7xoZ.s:325    .rodata.MSIRangeTable:00000000 $d
C:\Users\andywei\AppData\Local\Temp\ccsB7xoZ.s:138    .text.SystemCoreClockUpdate:00000037 $d
C:\Users\andywei\AppData\Local\Temp\ccsB7xoZ.s:138    .text.SystemCoreClockUpdate:00000038 $t

NO UNDEFINED SYMBOLS
